[Error - 8:57:04 PM] Checkstyle failed with error code 254:
Checkstyle ends with 1 errors.
com.puppycrawl.tools.checkstyle.api.CheckstyleException: cannot initialize module LineLength - Property 'fileExtensions' in module LineLength does not exist, please check the documentation
	at com.puppycrawl.tools.checkstyle.Checker.setupChild(Checker.java:463)
	at com.puppycrawl.tools.checkstyle.api.AutomaticBean.configure(AutomaticBean.java:198)
	at com.puppycrawl.tools.checkstyle.Main.runCheckstyle(Main.java:386)
	at com.puppycrawl.tools.checkstyle.Main.runCli(Main.java:313)
	at com.puppycrawl.tools.checkstyle.Main.execute(Main.java:180)
	at com.puppycrawl.tools.checkstyle.Main.main(Main.java:119)
Caused by: com.puppycrawl.tools.checkstyle.api.CheckstyleException: Property 'fileExtensions' in module LineLength does not exist, please check the documentation
	at com.puppycrawl.tools.checkstyle.api.AutomaticBean.tryCopyProperty(AutomaticBean.java:224)
	at com.puppycrawl.tools.checkstyle.api.AutomaticBean.configure(AutomaticBean.java:191)
	at com.puppycrawl.tools.checkstyle.Checker.setupChild(Checker.java:458)
	... 5 more

[Error - 8:58:11 PM] Checkstyle failed with error code 254:
Checkstyle ends with 1 errors.
com.puppycrawl.tools.checkstyle.api.CheckstyleException: cannot initialize module LineLength - Property 'fileExtensions' in module LineLength does not exist, please check the documentation
	at com.puppycrawl.tools.checkstyle.Checker.setupChild(Checker.java:463)
	at com.puppycrawl.tools.checkstyle.api.AutomaticBean.configure(AutomaticBean.java:198)
	at com.puppycrawl.tools.checkstyle.Main.runCheckstyle(Main.java:386)
	at com.puppycrawl.tools.checkstyle.Main.runCli(Main.java:313)
	at com.puppycrawl.tools.checkstyle.Main.execute(Main.java:180)
	at com.puppycrawl.tools.checkstyle.Main.main(Main.java:119)
Caused by: com.puppycrawl.tools.checkstyle.api.CheckstyleException: Property 'fileExtensions' in module LineLength does not exist, please check the documentation
	at com.puppycrawl.tools.checkstyle.api.AutomaticBean.tryCopyProperty(AutomaticBean.java:224)
	at com.puppycrawl.tools.checkstyle.api.AutomaticBean.configure(AutomaticBean.java:191)
	at com.puppycrawl.tools.checkstyle.Checker.setupChild(Checker.java:458)
	... 5 more

[Error - 8:58:49 PM] Checkstyle failed with error code 254:
Checkstyle ends with 1 errors.
com.puppycrawl.tools.checkstyle.api.CheckstyleException: cannot initialize module LineLength - Property 'fileExtensions' in module LineLength does not exist, please check the documentation
	at com.puppycrawl.tools.checkstyle.Checker.setupChild(Checker.java:463)
	at com.puppycrawl.tools.checkstyle.api.AutomaticBean.configure(AutomaticBean.java:198)
	at com.puppycrawl.tools.checkstyle.Main.runCheckstyle(Main.java:386)
	at com.puppycrawl.tools.checkstyle.Main.runCli(Main.java:313)
	at com.puppycrawl.tools.checkstyle.Main.execute(Main.java:180)
	at com.puppycrawl.tools.checkstyle.Main.main(Main.java:119)
Caused by: com.puppycrawl.tools.checkstyle.api.CheckstyleException: Property 'fileExtensions' in module LineLength does not exist, please check the documentation
	at com.puppycrawl.tools.checkstyle.api.AutomaticBean.tryCopyProperty(AutomaticBean.java:224)
	at com.puppycrawl.tools.checkstyle.api.AutomaticBean.configure(AutomaticBean.java:191)
	at com.puppycrawl.tools.checkstyle.Checker.setupChild(Checker.java:458)
	... 5 more

[Error - 8:58:50 PM] Checkstyle failed with error code 254:
Checkstyle ends with 1 errors.
com.puppycrawl.tools.checkstyle.api.CheckstyleException: cannot initialize module LineLength - Property 'fileExtensions' in module LineLength does not exist, please check the documentation
	at com.puppycrawl.tools.checkstyle.Checker.setupChild(Checker.java:463)
	at com.puppycrawl.tools.checkstyle.api.AutomaticBean.configure(AutomaticBean.java:198)
	at com.puppycrawl.tools.checkstyle.Main.runCheckstyle(Main.java:386)
	at com.puppycrawl.tools.checkstyle.Main.runCli(Main.java:313)
	at com.puppycrawl.tools.checkstyle.Main.execute(Main.java:180)
	at com.puppycrawl.tools.checkstyle.Main.main(Main.java:119)
Caused by: com.puppycrawl.tools.checkstyle.api.CheckstyleException: Property 'fileExtensions' in module LineLength does not exist, please check the documentation
	at com.puppycrawl.tools.checkstyle.api.AutomaticBean.tryCopyProperty(AutomaticBean.java:224)
	at com.puppycrawl.tools.checkstyle.api.AutomaticBean.configure(AutomaticBean.java:191)
	at com.puppycrawl.tools.checkstyle.Checker.setupChild(Checker.java:458)
	... 5 more

[Error - 8:58:51 PM] Checkstyle failed with error code 254:
Checkstyle ends with 1 errors.
com.puppycrawl.tools.checkstyle.api.CheckstyleException: cannot initialize module LineLength - Property 'fileExtensions' in module LineLength does not exist, please check the documentation
	at com.puppycrawl.tools.checkstyle.Checker.setupChild(Checker.java:463)
	at com.puppycrawl.tools.checkstyle.api.AutomaticBean.configure(AutomaticBean.java:198)
	at com.puppycrawl.tools.checkstyle.Main.runCheckstyle(Main.java:386)
	at com.puppycrawl.tools.checkstyle.Main.runCli(Main.java:313)
	at com.puppycrawl.tools.checkstyle.Main.execute(Main.java:180)
	at com.puppycrawl.tools.checkstyle.Main.main(Main.java:119)
Caused by: com.puppycrawl.tools.checkstyle.api.CheckstyleException: Property 'fileExtensions' in module LineLength does not exist, please check the documentation
	at com.puppycrawl.tools.checkstyle.api.AutomaticBean.tryCopyProperty(AutomaticBean.java:224)
	at com.puppycrawl.tools.checkstyle.api.AutomaticBean.configure(AutomaticBean.java:191)
	at com.puppycrawl.tools.checkstyle.Checker.setupChild(Checker.java:458)
	... 5 more

[Error - 8:58:54 PM] Checkstyle failed with error code 254:
Checkstyle ends with 1 errors.
com.puppycrawl.tools.checkstyle.api.CheckstyleException: cannot initialize module LineLength - Property 'fileExtensions' in module LineLength does not exist, please check the documentation
	at com.puppycrawl.tools.checkstyle.Checker.setupChild(Checker.java:463)
	at com.puppycrawl.tools.checkstyle.api.AutomaticBean.configure(AutomaticBean.java:198)
	at com.puppycrawl.tools.checkstyle.Main.runCheckstyle(Main.java:386)
	at com.puppycrawl.tools.checkstyle.Main.runCli(Main.java:313)
	at com.puppycrawl.tools.checkstyle.Main.execute(Main.java:180)
	at com.puppycrawl.tools.checkstyle.Main.main(Main.java:119)
Caused by: com.puppycrawl.tools.checkstyle.api.CheckstyleException: Property 'fileExtensions' in module LineLength does not exist, please check the documentation
	at com.puppycrawl.tools.checkstyle.api.AutomaticBean.tryCopyProperty(AutomaticBean.java:224)
	at com.puppycrawl.tools.checkstyle.api.AutomaticBean.configure(AutomaticBean.java:191)
	at com.puppycrawl.tools.checkstyle.Checker.setupChild(Checker.java:458)
	... 5 more

[Error - 8:58:56 PM] Checkstyle failed with error code 254:
Checkstyle ends with 1 errors.
com.puppycrawl.tools.checkstyle.api.CheckstyleException: cannot initialize module LineLength - Property 'fileExtensions' in module LineLength does not exist, please check the documentation
	at com.puppycrawl.tools.checkstyle.Checker.setupChild(Checker.java:463)
	at com.puppycrawl.tools.checkstyle.api.AutomaticBean.configure(AutomaticBean.java:198)
	at com.puppycrawl.tools.checkstyle.Main.runCheckstyle(Main.java:386)
	at com.puppycrawl.tools.checkstyle.Main.runCli(Main.java:313)
	at com.puppycrawl.tools.checkstyle.Main.execute(Main.java:180)
	at com.puppycrawl.tools.checkstyle.Main.main(Main.java:119)
Caused by: com.puppycrawl.tools.checkstyle.api.CheckstyleException: Property 'fileExtensions' in module LineLength does not exist, please check the documentation
	at com.puppycrawl.tools.checkstyle.api.AutomaticBean.tryCopyProperty(AutomaticBean.java:224)
	at com.puppycrawl.tools.checkstyle.api.AutomaticBean.configure(AutomaticBean.java:191)
	at com.puppycrawl.tools.checkstyle.Checker.setupChild(Checker.java:458)
	... 5 more

[Error - 8:58:56 PM] Checkstyle failed with error code 254:
Checkstyle ends with 1 errors.
com.puppycrawl.tools.checkstyle.api.CheckstyleException: cannot initialize module LineLength - Property 'fileExtensions' in module LineLength does not exist, please check the documentation
	at com.puppycrawl.tools.checkstyle.Checker.setupChild(Checker.java:463)
	at com.puppycrawl.tools.checkstyle.api.AutomaticBean.configure(AutomaticBean.java:198)
	at com.puppycrawl.tools.checkstyle.Main.runCheckstyle(Main.java:386)
	at com.puppycrawl.tools.checkstyle.Main.runCli(Main.java:313)
	at com.puppycrawl.tools.checkstyle.Main.execute(Main.java:180)
	at com.puppycrawl.tools.checkstyle.Main.main(Main.java:119)
Caused by: com.puppycrawl.tools.checkstyle.api.CheckstyleException: Property 'fileExtensions' in module LineLength does not exist, please check the documentation
	at com.puppycrawl.tools.checkstyle.api.AutomaticBean.tryCopyProperty(AutomaticBean.java:224)
	at com.puppycrawl.tools.checkstyle.api.AutomaticBean.configure(AutomaticBean.java:191)
	at com.puppycrawl.tools.checkstyle.Checker.setupChild(Checker.java:458)
	... 5 more

[Error - 8:59:00 PM] Checkstyle failed with error code 254:
Checkstyle ends with 1 errors.
com.puppycrawl.tools.checkstyle.api.CheckstyleException: cannot initialize module LineLength - Property 'fileExtensions' in module LineLength does not exist, please check the documentation
	at com.puppycrawl.tools.checkstyle.Checker.setupChild(Checker.java:463)
	at com.puppycrawl.tools.checkstyle.api.AutomaticBean.configure(AutomaticBean.java:198)
	at com.puppycrawl.tools.checkstyle.Main.runCheckstyle(Main.java:386)
	at com.puppycrawl.tools.checkstyle.Main.runCli(Main.java:313)
	at com.puppycrawl.tools.checkstyle.Main.execute(Main.java:180)
	at com.puppycrawl.tools.checkstyle.Main.main(Main.java:119)
Caused by: com.puppycrawl.tools.checkstyle.api.CheckstyleException: Property 'fileExtensions' in module LineLength does not exist, please check the documentation
	at com.puppycrawl.tools.checkstyle.api.AutomaticBean.tryCopyProperty(AutomaticBean.java:224)
	at com.puppycrawl.tools.checkstyle.api.AutomaticBean.configure(AutomaticBean.java:191)
	at com.puppycrawl.tools.checkstyle.Checker.setupChild(Checker.java:458)
	... 5 more

[Error - 9:00:01 PM] Checkstyle failed with error code 254:
Checkstyle ends with 1 errors.
com.puppycrawl.tools.checkstyle.api.CheckstyleException: cannot initialize module LineLength - Property 'fileExtensions' in module LineLength does not exist, please check the documentation
	at com.puppycrawl.tools.checkstyle.Checker.setupChild(Checker.java:463)
	at com.puppycrawl.tools.checkstyle.api.AutomaticBean.configure(AutomaticBean.java:198)
	at com.puppycrawl.tools.checkstyle.Main.runCheckstyle(Main.java:386)
	at com.puppycrawl.tools.checkstyle.Main.runCli(Main.java:313)
	at com.puppycrawl.tools.checkstyle.Main.execute(Main.java:180)
	at com.puppycrawl.tools.checkstyle.Main.main(Main.java:119)
Caused by: com.puppycrawl.tools.checkstyle.api.CheckstyleException: Property 'fileExtensions' in module LineLength does not exist, please check the documentation
	at com.puppycrawl.tools.checkstyle.api.AutomaticBean.tryCopyProperty(AutomaticBean.java:224)
	at com.puppycrawl.tools.checkstyle.api.AutomaticBean.configure(AutomaticBean.java:191)
	at com.puppycrawl.tools.checkstyle.Checker.setupChild(Checker.java:458)
	... 5 more

[Error - 9:00:03 PM] Checkstyle failed with error code 254:
Checkstyle ends with 1 errors.
com.puppycrawl.tools.checkstyle.api.CheckstyleException: cannot initialize module LineLength - Property 'fileExtensions' in module LineLength does not exist, please check the documentation
	at com.puppycrawl.tools.checkstyle.Checker.setupChild(Checker.java:463)
	at com.puppycrawl.tools.checkstyle.api.AutomaticBean.configure(AutomaticBean.java:198)
	at com.puppycrawl.tools.checkstyle.Main.runCheckstyle(Main.java:386)
	at com.puppycrawl.tools.checkstyle.Main.runCli(Main.java:313)
	at com.puppycrawl.tools.checkstyle.Main.execute(Main.java:180)
	at com.puppycrawl.tools.checkstyle.Main.main(Main.java:119)
Caused by: com.puppycrawl.tools.checkstyle.api.CheckstyleException: Property 'fileExtensions' in module LineLength does not exist, please check the documentation
	at com.puppycrawl.tools.checkstyle.api.AutomaticBean.tryCopyProperty(AutomaticBean.java:224)
	at com.puppycrawl.tools.checkstyle.api.AutomaticBean.configure(AutomaticBean.java:191)
	at com.puppycrawl.tools.checkstyle.Checker.setupChild(Checker.java:458)
	... 5 more

[Error - 9:00:03 PM] Checkstyle failed with error code 254:
Checkstyle ends with 1 errors.
com.puppycrawl.tools.checkstyle.api.CheckstyleException: cannot initialize module LineLength - Property 'fileExtensions' in module LineLength does not exist, please check the documentation
	at com.puppycrawl.tools.checkstyle.Checker.setupChild(Checker.java:463)
	at com.puppycrawl.tools.checkstyle.api.AutomaticBean.configure(AutomaticBean.java:198)
	at com.puppycrawl.tools.checkstyle.Main.runCheckstyle(Main.java:386)
	at com.puppycrawl.tools.checkstyle.Main.runCli(Main.java:313)
	at com.puppycrawl.tools.checkstyle.Main.execute(Main.java:180)
	at com.puppycrawl.tools.checkstyle.Main.main(Main.java:119)
Caused by: com.puppycrawl.tools.checkstyle.api.CheckstyleException: Property 'fileExtensions' in module LineLength does not exist, please check the documentation
	at com.puppycrawl.tools.checkstyle.api.AutomaticBean.tryCopyProperty(AutomaticBean.java:224)
	at com.puppycrawl.tools.checkstyle.api.AutomaticBean.configure(AutomaticBean.java:191)
	at com.puppycrawl.tools.checkstyle.Checker.setupChild(Checker.java:458)
	... 5 more

[Error - 9:00:05 PM] Checkstyle failed with error code 254:
Checkstyle ends with 1 errors.
com.puppycrawl.tools.checkstyle.api.CheckstyleException: cannot initialize module LineLength - Property 'fileExtensions' in module LineLength does not exist, please check the documentation
	at com.puppycrawl.tools.checkstyle.Checker.setupChild(Checker.java:463)
	at com.puppycrawl.tools.checkstyle.api.AutomaticBean.configure(AutomaticBean.java:198)
	at com.puppycrawl.tools.checkstyle.Main.runCheckstyle(Main.java:386)
	at com.puppycrawl.tools.checkstyle.Main.runCli(Main.java:313)
	at com.puppycrawl.tools.checkstyle.Main.execute(Main.java:180)
	at com.puppycrawl.tools.checkstyle.Main.main(Main.java:119)
Caused by: com.puppycrawl.tools.checkstyle.api.CheckstyleException: Property 'fileExtensions' in module LineLength does not exist, please check the documentation
	at com.puppycrawl.tools.checkstyle.api.AutomaticBean.tryCopyProperty(AutomaticBean.java:224)
	at com.puppycrawl.tools.checkstyle.api.AutomaticBean.configure(AutomaticBean.java:191)
	at com.puppycrawl.tools.checkstyle.Checker.setupChild(Checker.java:458)
	... 5 more

[Error - 9:00:05 PM] Checkstyle failed with error code 254:
Checkstyle ends with 1 errors.
com.puppycrawl.tools.checkstyle.api.CheckstyleException: cannot initialize module LineLength - Property 'fileExtensions' in module LineLength does not exist, please check the documentation
	at com.puppycrawl.tools.checkstyle.Checker.setupChild(Checker.java:463)
	at com.puppycrawl.tools.checkstyle.api.AutomaticBean.configure(AutomaticBean.java:198)
	at com.puppycrawl.tools.checkstyle.Main.runCheckstyle(Main.java:386)
	at com.puppycrawl.tools.checkstyle.Main.runCli(Main.java:313)
	at com.puppycrawl.tools.checkstyle.Main.execute(Main.java:180)
	at com.puppycrawl.tools.checkstyle.Main.main(Main.java:119)
Caused by: com.puppycrawl.tools.checkstyle.api.CheckstyleException: Property 'fileExtensions' in module LineLength does not exist, please check the documentation
	at com.puppycrawl.tools.checkstyle.api.AutomaticBean.tryCopyProperty(AutomaticBean.java:224)
	at com.puppycrawl.tools.checkstyle.api.AutomaticBean.configure(AutomaticBean.java:191)
	at com.puppycrawl.tools.checkstyle.Checker.setupChild(Checker.java:458)
	... 5 more

[Error - 9:00:05 PM] Checkstyle failed with error code 254:
Checkstyle ends with 1 errors.
com.puppycrawl.tools.checkstyle.api.CheckstyleException: cannot initialize module LineLength - Property 'fileExtensions' in module LineLength does not exist, please check the documentation
	at com.puppycrawl.tools.checkstyle.Checker.setupChild(Checker.java:463)
	at com.puppycrawl.tools.checkstyle.api.AutomaticBean.configure(AutomaticBean.java:198)
	at com.puppycrawl.tools.checkstyle.Main.runCheckstyle(Main.java:386)
	at com.puppycrawl.tools.checkstyle.Main.runCli(Main.java:313)
	at com.puppycrawl.tools.checkstyle.Main.execute(Main.java:180)
	at com.puppycrawl.tools.checkstyle.Main.main(Main.java:119)
Caused by: com.puppycrawl.tools.checkstyle.api.CheckstyleException: Property 'fileExtensions' in module LineLength does not exist, please check the documentation
	at com.puppycrawl.tools.checkstyle.api.AutomaticBean.tryCopyProperty(AutomaticBean.java:224)
	at com.puppycrawl.tools.checkstyle.api.AutomaticBean.configure(AutomaticBean.java:191)
	at com.puppycrawl.tools.checkstyle.Checker.setupChild(Checker.java:458)
	... 5 more

[Error - 9:00:09 PM] Checkstyle failed with error code 254:
Checkstyle ends with 1 errors.
com.puppycrawl.tools.checkstyle.api.CheckstyleException: cannot initialize module LineLength - Property 'fileExtensions' in module LineLength does not exist, please check the documentation
	at com.puppycrawl.tools.checkstyle.Checker.setupChild(Checker.java:463)
	at com.puppycrawl.tools.checkstyle.api.AutomaticBean.configure(AutomaticBean.java:198)
	at com.puppycrawl.tools.checkstyle.Main.runCheckstyle(Main.java:386)
	at com.puppycrawl.tools.checkstyle.Main.runCli(Main.java:313)
	at com.puppycrawl.tools.checkstyle.Main.execute(Main.java:180)
	at com.puppycrawl.tools.checkstyle.Main.main(Main.java:119)
Caused by: com.puppycrawl.tools.checkstyle.api.CheckstyleException: Property 'fileExtensions' in module LineLength does not exist, please check the documentation
	at com.puppycrawl.tools.checkstyle.api.AutomaticBean.tryCopyProperty(AutomaticBean.java:224)
	at com.puppycrawl.tools.checkstyle.api.AutomaticBean.configure(AutomaticBean.java:191)
	at com.puppycrawl.tools.checkstyle.Checker.setupChild(Checker.java:458)
	... 5 more

[Error - 9:00:09 PM] Checkstyle failed with error code 254:
Checkstyle ends with 1 errors.
com.puppycrawl.tools.checkstyle.api.CheckstyleException: cannot initialize module LineLength - Property 'fileExtensions' in module LineLength does not exist, please check the documentation
	at com.puppycrawl.tools.checkstyle.Checker.setupChild(Checker.java:463)
	at com.puppycrawl.tools.checkstyle.api.AutomaticBean.configure(AutomaticBean.java:198)
	at com.puppycrawl.tools.checkstyle.Main.runCheckstyle(Main.java:386)
	at com.puppycrawl.tools.checkstyle.Main.runCli(Main.java:313)
	at com.puppycrawl.tools.checkstyle.Main.execute(Main.java:180)
	at com.puppycrawl.tools.checkstyle.Main.main(Main.java:119)
Caused by: com.puppycrawl.tools.checkstyle.api.CheckstyleException: Property 'fileExtensions' in module LineLength does not exist, please check the documentation
	at com.puppycrawl.tools.checkstyle.api.AutomaticBean.tryCopyProperty(AutomaticBean.java:224)
	at com.puppycrawl.tools.checkstyle.api.AutomaticBean.configure(AutomaticBean.java:191)
	at com.puppycrawl.tools.checkstyle.Checker.setupChild(Checker.java:458)
	... 5 more

[Error - 9:00:09 PM] Checkstyle failed with error code 254:
Checkstyle ends with 1 errors.
com.puppycrawl.tools.checkstyle.api.CheckstyleException: cannot initialize module LineLength - Property 'fileExtensions' in module LineLength does not exist, please check the documentation
	at com.puppycrawl.tools.checkstyle.Checker.setupChild(Checker.java:463)
	at com.puppycrawl.tools.checkstyle.api.AutomaticBean.configure(AutomaticBean.java:198)
	at com.puppycrawl.tools.checkstyle.Main.runCheckstyle(Main.java:386)
	at com.puppycrawl.tools.checkstyle.Main.runCli(Main.java:313)
	at com.puppycrawl.tools.checkstyle.Main.execute(Main.java:180)
	at com.puppycrawl.tools.checkstyle.Main.main(Main.java:119)
Caused by: com.puppycrawl.tools.checkstyle.api.CheckstyleException: Property 'fileExtensions' in module LineLength does not exist, please check the documentation
	at com.puppycrawl.tools.checkstyle.api.AutomaticBean.tryCopyProperty(AutomaticBean.java:224)
	at com.puppycrawl.tools.checkstyle.api.AutomaticBean.configure(AutomaticBean.java:191)
	at com.puppycrawl.tools.checkstyle.Checker.setupChild(Checker.java:458)
	... 5 more

[Error - 9:00:10 PM] Checkstyle failed with error code 254:
Checkstyle ends with 1 errors.
com.puppycrawl.tools.checkstyle.api.CheckstyleException: cannot initialize module LineLength - Property 'fileExtensions' in module LineLength does not exist, please check the documentation
	at com.puppycrawl.tools.checkstyle.Checker.setupChild(Checker.java:463)
	at com.puppycrawl.tools.checkstyle.api.AutomaticBean.configure(AutomaticBean.java:198)
	at com.puppycrawl.tools.checkstyle.Main.runCheckstyle(Main.java:386)
	at com.puppycrawl.tools.checkstyle.Main.runCli(Main.java:313)
	at com.puppycrawl.tools.checkstyle.Main.execute(Main.java:180)
	at com.puppycrawl.tools.checkstyle.Main.main(Main.java:119)
Caused by: com.puppycrawl.tools.checkstyle.api.CheckstyleException: Property 'fileExtensions' in module LineLength does not exist, please check the documentation
	at com.puppycrawl.tools.checkstyle.api.AutomaticBean.tryCopyProperty(AutomaticBean.java:224)
	at com.puppycrawl.tools.checkstyle.api.AutomaticBean.configure(AutomaticBean.java:191)
	at com.puppycrawl.tools.checkstyle.Checker.setupChild(Checker.java:458)
	... 5 more

[Error - 9:00:11 PM] Checkstyle failed with error code 254:
Checkstyle ends with 1 errors.
com.puppycrawl.tools.checkstyle.api.CheckstyleException: cannot initialize module LineLength - Property 'fileExtensions' in module LineLength does not exist, please check the documentation
	at com.puppycrawl.tools.checkstyle.Checker.setupChild(Checker.java:463)
	at com.puppycrawl.tools.checkstyle.api.AutomaticBean.configure(AutomaticBean.java:198)
	at com.puppycrawl.tools.checkstyle.Main.runCheckstyle(Main.java:386)
	at com.puppycrawl.tools.checkstyle.Main.runCli(Main.java:313)
	at com.puppycrawl.tools.checkstyle.Main.execute(Main.java:180)
	at com.puppycrawl.tools.checkstyle.Main.main(Main.java:119)
Caused by: com.puppycrawl.tools.checkstyle.api.CheckstyleException: Property 'fileExtensions' in module LineLength does not exist, please check the documentation
	at com.puppycrawl.tools.checkstyle.api.AutomaticBean.tryCopyProperty(AutomaticBean.java:224)
	at com.puppycrawl.tools.checkstyle.api.AutomaticBean.configure(AutomaticBean.java:191)
	at com.puppycrawl.tools.checkstyle.Checker.setupChild(Checker.java:458)
	... 5 more

[Error - 9:00:13 PM] Checkstyle failed with error code 254:
Checkstyle ends with 1 errors.
com.puppycrawl.tools.checkstyle.api.CheckstyleException: cannot initialize module LineLength - Property 'fileExtensions' in module LineLength does not exist, please check the documentation
	at com.puppycrawl.tools.checkstyle.Checker.setupChild(Checker.java:463)
	at com.puppycrawl.tools.checkstyle.api.AutomaticBean.configure(AutomaticBean.java:198)
	at com.puppycrawl.tools.checkstyle.Main.runCheckstyle(Main.java:386)
	at com.puppycrawl.tools.checkstyle.Main.runCli(Main.java:313)
	at com.puppycrawl.tools.checkstyle.Main.execute(Main.java:180)
	at com.puppycrawl.tools.checkstyle.Main.main(Main.java:119)
Caused by: com.puppycrawl.tools.checkstyle.api.CheckstyleException: Property 'fileExtensions' in module LineLength does not exist, please check the documentation
	at com.puppycrawl.tools.checkstyle.api.AutomaticBean.tryCopyProperty(AutomaticBean.java:224)
	at com.puppycrawl.tools.checkstyle.api.AutomaticBean.configure(AutomaticBean.java:191)
	at com.puppycrawl.tools.checkstyle.Checker.setupChild(Checker.java:458)
	... 5 more

[Error - 9:00:15 PM] Checkstyle failed with error code 254:
Checkstyle ends with 1 errors.
com.puppycrawl.tools.checkstyle.api.CheckstyleException: cannot initialize module LineLength - Property 'fileExtensions' in module LineLength does not exist, please check the documentation
	at com.puppycrawl.tools.checkstyle.Checker.setupChild(Checker.java:463)
	at com.puppycrawl.tools.checkstyle.api.AutomaticBean.configure(AutomaticBean.java:198)
	at com.puppycrawl.tools.checkstyle.Main.runCheckstyle(Main.java:386)
	at com.puppycrawl.tools.checkstyle.Main.runCli(Main.java:313)
	at com.puppycrawl.tools.checkstyle.Main.execute(Main.java:180)
	at com.puppycrawl.tools.checkstyle.Main.main(Main.java:119)
Caused by: com.puppycrawl.tools.checkstyle.api.CheckstyleException: Property 'fileExtensions' in module LineLength does not exist, please check the documentation
	at com.puppycrawl.tools.checkstyle.api.AutomaticBean.tryCopyProperty(AutomaticBean.java:224)
	at com.puppycrawl.tools.checkstyle.api.AutomaticBean.configure(AutomaticBean.java:191)
	at com.puppycrawl.tools.checkstyle.Checker.setupChild(Checker.java:458)
	... 5 more

[Error - 9:00:17 PM] Checkstyle failed with error code 254:
Checkstyle ends with 1 errors.
com.puppycrawl.tools.checkstyle.api.CheckstyleException: cannot initialize module LineLength - Property 'fileExtensions' in module LineLength does not exist, please check the documentation
	at com.puppycrawl.tools.checkstyle.Checker.setupChild(Checker.java:463)
	at com.puppycrawl.tools.checkstyle.api.AutomaticBean.configure(AutomaticBean.java:198)
	at com.puppycrawl.tools.checkstyle.Main.runCheckstyle(Main.java:386)
	at com.puppycrawl.tools.checkstyle.Main.runCli(Main.java:313)
	at com.puppycrawl.tools.checkstyle.Main.execute(Main.java:180)
	at com.puppycrawl.tools.checkstyle.Main.main(Main.java:119)
Caused by: com.puppycrawl.tools.checkstyle.api.CheckstyleException: Property 'fileExtensions' in module LineLength does not exist, please check the documentation
	at com.puppycrawl.tools.checkstyle.api.AutomaticBean.tryCopyProperty(AutomaticBean.java:224)
	at com.puppycrawl.tools.checkstyle.api.AutomaticBean.configure(AutomaticBean.java:191)
	at com.puppycrawl.tools.checkstyle.Checker.setupChild(Checker.java:458)
	... 5 more

[Error - 9:00:18 PM] Checkstyle failed with error code 254:
Checkstyle ends with 1 errors.
com.puppycrawl.tools.checkstyle.api.CheckstyleException: cannot initialize module LineLength - Property 'fileExtensions' in module LineLength does not exist, please check the documentation
	at com.puppycrawl.tools.checkstyle.Checker.setupChild(Checker.java:463)
	at com.puppycrawl.tools.checkstyle.api.AutomaticBean.configure(AutomaticBean.java:198)
	at com.puppycrawl.tools.checkstyle.Main.runCheckstyle(Main.java:386)
	at com.puppycrawl.tools.checkstyle.Main.runCli(Main.java:313)
	at com.puppycrawl.tools.checkstyle.Main.execute(Main.java:180)
	at com.puppycrawl.tools.checkstyle.Main.main(Main.java:119)
Caused by: com.puppycrawl.tools.checkstyle.api.CheckstyleException: Property 'fileExtensions' in module LineLength does not exist, please check the documentation
	at com.puppycrawl.tools.checkstyle.api.AutomaticBean.tryCopyProperty(AutomaticBean.java:224)
	at com.puppycrawl.tools.checkstyle.api.AutomaticBean.configure(AutomaticBean.java:191)
	at com.puppycrawl.tools.checkstyle.Checker.setupChild(Checker.java:458)
	... 5 more

[Error - 9:00:19 PM] Checkstyle failed with error code 254:
Checkstyle ends with 1 errors.
com.puppycrawl.tools.checkstyle.api.CheckstyleException: cannot initialize module LineLength - Property 'fileExtensions' in module LineLength does not exist, please check the documentation
	at com.puppycrawl.tools.checkstyle.Checker.setupChild(Checker.java:463)
	at com.puppycrawl.tools.checkstyle.api.AutomaticBean.configure(AutomaticBean.java:198)
	at com.puppycrawl.tools.checkstyle.Main.runCheckstyle(Main.java:386)
	at com.puppycrawl.tools.checkstyle.Main.runCli(Main.java:313)
	at com.puppycrawl.tools.checkstyle.Main.execute(Main.java:180)
	at com.puppycrawl.tools.checkstyle.Main.main(Main.java:119)
Caused by: com.puppycrawl.tools.checkstyle.api.CheckstyleException: Property 'fileExtensions' in module LineLength does not exist, please check the documentation
	at com.puppycrawl.tools.checkstyle.api.AutomaticBean.tryCopyProperty(AutomaticBean.java:224)
	at com.puppycrawl.tools.checkstyle.api.AutomaticBean.configure(AutomaticBean.java:191)
	at com.puppycrawl.tools.checkstyle.Checker.setupChild(Checker.java:458)
	... 5 more

[Error - 9:00:20 PM] Checkstyle failed with error code 254:
Checkstyle ends with 1 errors.
com.puppycrawl.tools.checkstyle.api.CheckstyleException: cannot initialize module LineLength - Property 'fileExtensions' in module LineLength does not exist, please check the documentation
	at com.puppycrawl.tools.checkstyle.Checker.setupChild(Checker.java:463)
	at com.puppycrawl.tools.checkstyle.api.AutomaticBean.configure(AutomaticBean.java:198)
	at com.puppycrawl.tools.checkstyle.Main.runCheckstyle(Main.java:386)
	at com.puppycrawl.tools.checkstyle.Main.runCli(Main.java:313)
	at com.puppycrawl.tools.checkstyle.Main.execute(Main.java:180)
	at com.puppycrawl.tools.checkstyle.Main.main(Main.java:119)
Caused by: com.puppycrawl.tools.checkstyle.api.CheckstyleException: Property 'fileExtensions' in module LineLength does not exist, please check the documentation
	at com.puppycrawl.tools.checkstyle.api.AutomaticBean.tryCopyProperty(AutomaticBean.java:224)
	at com.puppycrawl.tools.checkstyle.api.AutomaticBean.configure(AutomaticBean.java:191)
	at com.puppycrawl.tools.checkstyle.Checker.setupChild(Checker.java:458)
	... 5 more

[Error - 9:00:20 PM] Checkstyle failed with error code 254:
Checkstyle ends with 1 errors.
com.puppycrawl.tools.checkstyle.api.CheckstyleException: cannot initialize module LineLength - Property 'fileExtensions' in module LineLength does not exist, please check the documentation
	at com.puppycrawl.tools.checkstyle.Checker.setupChild(Checker.java:463)
	at com.puppycrawl.tools.checkstyle.api.AutomaticBean.configure(AutomaticBean.java:198)
	at com.puppycrawl.tools.checkstyle.Main.runCheckstyle(Main.java:386)
	at com.puppycrawl.tools.checkstyle.Main.runCli(Main.java:313)
	at com.puppycrawl.tools.checkstyle.Main.execute(Main.java:180)
	at com.puppycrawl.tools.checkstyle.Main.main(Main.java:119)
Caused by: com.puppycrawl.tools.checkstyle.api.CheckstyleException: Property 'fileExtensions' in module LineLength does not exist, please check the documentation
	at com.puppycrawl.tools.checkstyle.api.AutomaticBean.tryCopyProperty(AutomaticBean.java:224)
	at com.puppycrawl.tools.checkstyle.api.AutomaticBean.configure(AutomaticBean.java:191)
	at com.puppycrawl.tools.checkstyle.Checker.setupChild(Checker.java:458)
	... 5 more

[Error - 9:00:22 PM] Checkstyle failed with error code 254:
Checkstyle ends with 1 errors.
com.puppycrawl.tools.checkstyle.api.CheckstyleException: cannot initialize module LineLength - Property 'fileExtensions' in module LineLength does not exist, please check the documentation
	at com.puppycrawl.tools.checkstyle.Checker.setupChild(Checker.java:463)
	at com.puppycrawl.tools.checkstyle.api.AutomaticBean.configure(AutomaticBean.java:198)
	at com.puppycrawl.tools.checkstyle.Main.runCheckstyle(Main.java:386)
	at com.puppycrawl.tools.checkstyle.Main.runCli(Main.java:313)
	at com.puppycrawl.tools.checkstyle.Main.execute(Main.java:180)
	at com.puppycrawl.tools.checkstyle.Main.main(Main.java:119)
Caused by: com.puppycrawl.tools.checkstyle.api.CheckstyleException: Property 'fileExtensions' in module LineLength does not exist, please check the documentation
	at com.puppycrawl.tools.checkstyle.api.AutomaticBean.tryCopyProperty(AutomaticBean.java:224)
	at com.puppycrawl.tools.checkstyle.api.AutomaticBean.configure(AutomaticBean.java:191)
	at com.puppycrawl.tools.checkstyle.Checker.setupChild(Checker.java:458)
	... 5 more

[Error - 9:00:22 PM] Checkstyle failed with error code 254:
Checkstyle ends with 1 errors.
com.puppycrawl.tools.checkstyle.api.CheckstyleException: cannot initialize module LineLength - Property 'fileExtensions' in module LineLength does not exist, please check the documentation
	at com.puppycrawl.tools.checkstyle.Checker.setupChild(Checker.java:463)
	at com.puppycrawl.tools.checkstyle.api.AutomaticBean.configure(AutomaticBean.java:198)
	at com.puppycrawl.tools.checkstyle.Main.runCheckstyle(Main.java:386)
	at com.puppycrawl.tools.checkstyle.Main.runCli(Main.java:313)
	at com.puppycrawl.tools.checkstyle.Main.execute(Main.java:180)
	at com.puppycrawl.tools.checkstyle.Main.main(Main.java:119)
Caused by: com.puppycrawl.tools.checkstyle.api.CheckstyleException: Property 'fileExtensions' in module LineLength does not exist, please check the documentation
	at com.puppycrawl.tools.checkstyle.api.AutomaticBean.tryCopyProperty(AutomaticBean.java:224)
	at com.puppycrawl.tools.checkstyle.api.AutomaticBean.configure(AutomaticBean.java:191)
	at com.puppycrawl.tools.checkstyle.Checker.setupChild(Checker.java:458)
	... 5 more

[Error - 9:00:22 PM] Checkstyle failed with error code 254:
Checkstyle ends with 1 errors.
com.puppycrawl.tools.checkstyle.api.CheckstyleException: cannot initialize module LineLength - Property 'fileExtensions' in module LineLength does not exist, please check the documentation
	at com.puppycrawl.tools.checkstyle.Checker.setupChild(Checker.java:463)
	at com.puppycrawl.tools.checkstyle.api.AutomaticBean.configure(AutomaticBean.java:198)
	at com.puppycrawl.tools.checkstyle.Main.runCheckstyle(Main.java:386)
	at com.puppycrawl.tools.checkstyle.Main.runCli(Main.java:313)
	at com.puppycrawl.tools.checkstyle.Main.execute(Main.java:180)
	at com.puppycrawl.tools.checkstyle.Main.main(Main.java:119)
Caused by: com.puppycrawl.tools.checkstyle.api.CheckstyleException: Property 'fileExtensions' in module LineLength does not exist, please check the documentation
	at com.puppycrawl.tools.checkstyle.api.AutomaticBean.tryCopyProperty(AutomaticBean.java:224)
	at com.puppycrawl.tools.checkstyle.api.AutomaticBean.configure(AutomaticBean.java:191)
	at com.puppycrawl.tools.checkstyle.Checker.setupChild(Checker.java:458)
	... 5 more

[Error - 9:00:23 PM] Checkstyle failed with error code 254:
Checkstyle ends with 1 errors.
com.puppycrawl.tools.checkstyle.api.CheckstyleException: cannot initialize module LineLength - Property 'fileExtensions' in module LineLength does not exist, please check the documentation
	at com.puppycrawl.tools.checkstyle.Checker.setupChild(Checker.java:463)
	at com.puppycrawl.tools.checkstyle.api.AutomaticBean.configure(AutomaticBean.java:198)
	at com.puppycrawl.tools.checkstyle.Main.runCheckstyle(Main.java:386)
	at com.puppycrawl.tools.checkstyle.Main.runCli(Main.java:313)
	at com.puppycrawl.tools.checkstyle.Main.execute(Main.java:180)
	at com.puppycrawl.tools.checkstyle.Main.main(Main.java:119)
Caused by: com.puppycrawl.tools.checkstyle.api.CheckstyleException: Property 'fileExtensions' in module LineLength does not exist, please check the documentation
	at com.puppycrawl.tools.checkstyle.api.AutomaticBean.tryCopyProperty(AutomaticBean.java:224)
	at com.puppycrawl.tools.checkstyle.api.AutomaticBean.configure(AutomaticBean.java:191)
	at com.puppycrawl.tools.checkstyle.Checker.setupChild(Checker.java:458)
	... 5 more

[Error - 9:00:23 PM] Checkstyle failed with error code 254:
Checkstyle ends with 1 errors.
com.puppycrawl.tools.checkstyle.api.CheckstyleException: cannot initialize module LineLength - Property 'fileExtensions' in module LineLength does not exist, please check the documentation
	at com.puppycrawl.tools.checkstyle.Checker.setupChild(Checker.java:463)
	at com.puppycrawl.tools.checkstyle.api.AutomaticBean.configure(AutomaticBean.java:198)
	at com.puppycrawl.tools.checkstyle.Main.runCheckstyle(Main.java:386)
	at com.puppycrawl.tools.checkstyle.Main.runCli(Main.java:313)
	at com.puppycrawl.tools.checkstyle.Main.execute(Main.java:180)
	at com.puppycrawl.tools.checkstyle.Main.main(Main.java:119)
Caused by: com.puppycrawl.tools.checkstyle.api.CheckstyleException: Property 'fileExtensions' in module LineLength does not exist, please check the documentation
	at com.puppycrawl.tools.checkstyle.api.AutomaticBean.tryCopyProperty(AutomaticBean.java:224)
	at com.puppycrawl.tools.checkstyle.api.AutomaticBean.configure(AutomaticBean.java:191)
	at com.puppycrawl.tools.checkstyle.Checker.setupChild(Checker.java:458)
	... 5 more

[Error - 9:00:24 PM] Checkstyle failed with error code 254:
Checkstyle ends with 1 errors.
com.puppycrawl.tools.checkstyle.api.CheckstyleException: cannot initialize module LineLength - Property 'fileExtensions' in module LineLength does not exist, please check the documentation
	at com.puppycrawl.tools.checkstyle.Checker.setupChild(Checker.java:463)
	at com.puppycrawl.tools.checkstyle.api.AutomaticBean.configure(AutomaticBean.java:198)
	at com.puppycrawl.tools.checkstyle.Main.runCheckstyle(Main.java:386)
	at com.puppycrawl.tools.checkstyle.Main.runCli(Main.java:313)
	at com.puppycrawl.tools.checkstyle.Main.execute(Main.java:180)
	at com.puppycrawl.tools.checkstyle.Main.main(Main.java:119)
Caused by: com.puppycrawl.tools.checkstyle.api.CheckstyleException: Property 'fileExtensions' in module LineLength does not exist, please check the documentation
	at com.puppycrawl.tools.checkstyle.api.AutomaticBean.tryCopyProperty(AutomaticBean.java:224)
	at com.puppycrawl.tools.checkstyle.api.AutomaticBean.configure(AutomaticBean.java:191)
	at com.puppycrawl.tools.checkstyle.Checker.setupChild(Checker.java:458)
	... 5 more

[Error - 9:00:25 PM] Checkstyle failed with error code 254:
Checkstyle ends with 1 errors.
com.puppycrawl.tools.checkstyle.api.CheckstyleException: cannot initialize module LineLength - Property 'fileExtensions' in module LineLength does not exist, please check the documentation
	at com.puppycrawl.tools.checkstyle.Checker.setupChild(Checker.java:463)
	at com.puppycrawl.tools.checkstyle.api.AutomaticBean.configure(AutomaticBean.java:198)
	at com.puppycrawl.tools.checkstyle.Main.runCheckstyle(Main.java:386)
	at com.puppycrawl.tools.checkstyle.Main.runCli(Main.java:313)
	at com.puppycrawl.tools.checkstyle.Main.execute(Main.java:180)
	at com.puppycrawl.tools.checkstyle.Main.main(Main.java:119)
Caused by: com.puppycrawl.tools.checkstyle.api.CheckstyleException: Property 'fileExtensions' in module LineLength does not exist, please check the documentation
	at com.puppycrawl.tools.checkstyle.api.AutomaticBean.tryCopyProperty(AutomaticBean.java:224)
	at com.puppycrawl.tools.checkstyle.api.AutomaticBean.configure(AutomaticBean.java:191)
	at com.puppycrawl.tools.checkstyle.Checker.setupChild(Checker.java:458)
	... 5 more

[Error - 9:00:25 PM] Checkstyle failed with error code 254:
Checkstyle ends with 1 errors.
com.puppycrawl.tools.checkstyle.api.CheckstyleException: cannot initialize module LineLength - Property 'fileExtensions' in module LineLength does not exist, please check the documentation
	at com.puppycrawl.tools.checkstyle.Checker.setupChild(Checker.java:463)
	at com.puppycrawl.tools.checkstyle.api.AutomaticBean.configure(AutomaticBean.java:198)
	at com.puppycrawl.tools.checkstyle.Main.runCheckstyle(Main.java:386)
	at com.puppycrawl.tools.checkstyle.Main.runCli(Main.java:313)
	at com.puppycrawl.tools.checkstyle.Main.execute(Main.java:180)
	at com.puppycrawl.tools.checkstyle.Main.main(Main.java:119)
Caused by: com.puppycrawl.tools.checkstyle.api.CheckstyleException: Property 'fileExtensions' in module LineLength does not exist, please check the documentation
	at com.puppycrawl.tools.checkstyle.api.AutomaticBean.tryCopyProperty(AutomaticBean.java:224)
	at com.puppycrawl.tools.checkstyle.api.AutomaticBean.configure(AutomaticBean.java:191)
	at com.puppycrawl.tools.checkstyle.Checker.setupChild(Checker.java:458)
	... 5 more

[Error - 9:00:28 PM] Checkstyle failed with error code 254:
Checkstyle ends with 1 errors.
com.puppycrawl.tools.checkstyle.api.CheckstyleException: cannot initialize module LineLength - Property 'fileExtensions' in module LineLength does not exist, please check the documentation
	at com.puppycrawl.tools.checkstyle.Checker.setupChild(Checker.java:463)
	at com.puppycrawl.tools.checkstyle.api.AutomaticBean.configure(AutomaticBean.java:198)
	at com.puppycrawl.tools.checkstyle.Main.runCheckstyle(Main.java:386)
	at com.puppycrawl.tools.checkstyle.Main.runCli(Main.java:313)
	at com.puppycrawl.tools.checkstyle.Main.execute(Main.java:180)
	at com.puppycrawl.tools.checkstyle.Main.main(Main.java:119)
Caused by: com.puppycrawl.tools.checkstyle.api.CheckstyleException: Property 'fileExtensions' in module LineLength does not exist, please check the documentation
	at com.puppycrawl.tools.checkstyle.api.AutomaticBean.tryCopyProperty(AutomaticBean.java:224)
	at com.puppycrawl.tools.checkstyle.api.AutomaticBean.configure(AutomaticBean.java:191)
	at com.puppycrawl.tools.checkstyle.Checker.setupChild(Checker.java:458)
	... 5 more

[Error - 9:00:30 PM] Checkstyle failed with error code 254:
Checkstyle ends with 1 errors.
com.puppycrawl.tools.checkstyle.api.CheckstyleException: cannot initialize module LineLength - Property 'fileExtensions' in module LineLength does not exist, please check the documentation
	at com.puppycrawl.tools.checkstyle.Checker.setupChild(Checker.java:463)
	at com.puppycrawl.tools.checkstyle.api.AutomaticBean.configure(AutomaticBean.java:198)
	at com.puppycrawl.tools.checkstyle.Main.runCheckstyle(Main.java:386)
	at com.puppycrawl.tools.checkstyle.Main.runCli(Main.java:313)
	at com.puppycrawl.tools.checkstyle.Main.execute(Main.java:180)
	at com.puppycrawl.tools.checkstyle.Main.main(Main.java:119)
Caused by: com.puppycrawl.tools.checkstyle.api.CheckstyleException: Property 'fileExtensions' in module LineLength does not exist, please check the documentation
	at com.puppycrawl.tools.checkstyle.api.AutomaticBean.tryCopyProperty(AutomaticBean.java:224)
	at com.puppycrawl.tools.checkstyle.api.AutomaticBean.configure(AutomaticBean.java:191)
	at com.puppycrawl.tools.checkstyle.Checker.setupChild(Checker.java:458)
	... 5 more

[Error - 9:00:35 PM] Checkstyle failed with error code 254:
Checkstyle ends with 1 errors.
com.puppycrawl.tools.checkstyle.api.CheckstyleException: cannot initialize module LineLength - Property 'fileExtensions' in module LineLength does not exist, please check the documentation
	at com.puppycrawl.tools.checkstyle.Checker.setupChild(Checker.java:463)
	at com.puppycrawl.tools.checkstyle.api.AutomaticBean.configure(AutomaticBean.java:198)
	at com.puppycrawl.tools.checkstyle.Main.runCheckstyle(Main.java:386)
	at com.puppycrawl.tools.checkstyle.Main.runCli(Main.java:313)
	at com.puppycrawl.tools.checkstyle.Main.execute(Main.java:180)
	at com.puppycrawl.tools.checkstyle.Main.main(Main.java:119)
Caused by: com.puppycrawl.tools.checkstyle.api.CheckstyleException: Property 'fileExtensions' in module LineLength does not exist, please check the documentation
	at com.puppycrawl.tools.checkstyle.api.AutomaticBean.tryCopyProperty(AutomaticBean.java:224)
	at com.puppycrawl.tools.checkstyle.api.AutomaticBean.configure(AutomaticBean.java:191)
	at com.puppycrawl.tools.checkstyle.Checker.setupChild(Checker.java:458)
	... 5 more

[Error - 9:00:37 PM] Checkstyle failed with error code 254:
Checkstyle ends with 1 errors.
com.puppycrawl.tools.checkstyle.api.CheckstyleException: cannot initialize module LineLength - Property 'fileExtensions' in module LineLength does not exist, please check the documentation
	at com.puppycrawl.tools.checkstyle.Checker.setupChild(Checker.java:463)
	at com.puppycrawl.tools.checkstyle.api.AutomaticBean.configure(AutomaticBean.java:198)
	at com.puppycrawl.tools.checkstyle.Main.runCheckstyle(Main.java:386)
	at com.puppycrawl.tools.checkstyle.Main.runCli(Main.java:313)
	at com.puppycrawl.tools.checkstyle.Main.execute(Main.java:180)
	at com.puppycrawl.tools.checkstyle.Main.main(Main.java:119)
Caused by: com.puppycrawl.tools.checkstyle.api.CheckstyleException: Property 'fileExtensions' in module LineLength does not exist, please check the documentation
	at com.puppycrawl.tools.checkstyle.api.AutomaticBean.tryCopyProperty(AutomaticBean.java:224)
	at com.puppycrawl.tools.checkstyle.api.AutomaticBean.configure(AutomaticBean.java:191)
	at com.puppycrawl.tools.checkstyle.Checker.setupChild(Checker.java:458)
	... 5 more

[Error - 9:00:37 PM] Checkstyle failed with error code 254:
Checkstyle ends with 1 errors.
com.puppycrawl.tools.checkstyle.api.CheckstyleException: cannot initialize module LineLength - Property 'fileExtensions' in module LineLength does not exist, please check the documentation
	at com.puppycrawl.tools.checkstyle.Checker.setupChild(Checker.java:463)
	at com.puppycrawl.tools.checkstyle.api.AutomaticBean.configure(AutomaticBean.java:198)
	at com.puppycrawl.tools.checkstyle.Main.runCheckstyle(Main.java:386)
	at com.puppycrawl.tools.checkstyle.Main.runCli(Main.java:313)
	at com.puppycrawl.tools.checkstyle.Main.execute(Main.java:180)
	at com.puppycrawl.tools.checkstyle.Main.main(Main.java:119)
Caused by: com.puppycrawl.tools.checkstyle.api.CheckstyleException: Property 'fileExtensions' in module LineLength does not exist, please check the documentation
	at com.puppycrawl.tools.checkstyle.api.AutomaticBean.tryCopyProperty(AutomaticBean.java:224)
	at com.puppycrawl.tools.checkstyle.api.AutomaticBean.configure(AutomaticBean.java:191)
	at com.puppycrawl.tools.checkstyle.Checker.setupChild(Checker.java:458)
	... 5 more

[Error - 9:00:40 PM] Checkstyle failed with error code 254:
Checkstyle ends with 1 errors.
com.puppycrawl.tools.checkstyle.api.CheckstyleException: cannot initialize module LineLength - Property 'fileExtensions' in module LineLength does not exist, please check the documentation
	at com.puppycrawl.tools.checkstyle.Checker.setupChild(Checker.java:463)
	at com.puppycrawl.tools.checkstyle.api.AutomaticBean.configure(AutomaticBean.java:198)
	at com.puppycrawl.tools.checkstyle.Main.runCheckstyle(Main.java:386)
	at com.puppycrawl.tools.checkstyle.Main.runCli(Main.java:313)
	at com.puppycrawl.tools.checkstyle.Main.execute(Main.java:180)
	at com.puppycrawl.tools.checkstyle.Main.main(Main.java:119)
Caused by: com.puppycrawl.tools.checkstyle.api.CheckstyleException: Property 'fileExtensions' in module LineLength does not exist, please check the documentation
	at com.puppycrawl.tools.checkstyle.api.AutomaticBean.tryCopyProperty(AutomaticBean.java:224)
	at com.puppycrawl.tools.checkstyle.api.AutomaticBean.configure(AutomaticBean.java:191)
	at com.puppycrawl.tools.checkstyle.Checker.setupChild(Checker.java:458)
	... 5 more

[Error - 9:00:41 PM] Checkstyle failed with error code 254:
Checkstyle ends with 1 errors.
com.puppycrawl.tools.checkstyle.api.CheckstyleException: cannot initialize module LineLength - Property 'fileExtensions' in module LineLength does not exist, please check the documentation
	at com.puppycrawl.tools.checkstyle.Checker.setupChild(Checker.java:463)
	at com.puppycrawl.tools.checkstyle.api.AutomaticBean.configure(AutomaticBean.java:198)
	at com.puppycrawl.tools.checkstyle.Main.runCheckstyle(Main.java:386)
	at com.puppycrawl.tools.checkstyle.Main.runCli(Main.java:313)
	at com.puppycrawl.tools.checkstyle.Main.execute(Main.java:180)
	at com.puppycrawl.tools.checkstyle.Main.main(Main.java:119)
Caused by: com.puppycrawl.tools.checkstyle.api.CheckstyleException: Property 'fileExtensions' in module LineLength does not exist, please check the documentation
	at com.puppycrawl.tools.checkstyle.api.AutomaticBean.tryCopyProperty(AutomaticBean.java:224)
	at com.puppycrawl.tools.checkstyle.api.AutomaticBean.configure(AutomaticBean.java:191)
	at com.puppycrawl.tools.checkstyle.Checker.setupChild(Checker.java:458)
	... 5 more

[Error - 9:00:46 PM] Checkstyle failed with error code 254:
Checkstyle ends with 1 errors.
com.puppycrawl.tools.checkstyle.api.CheckstyleException: cannot initialize module LineLength - Property 'fileExtensions' in module LineLength does not exist, please check the documentation
	at com.puppycrawl.tools.checkstyle.Checker.setupChild(Checker.java:463)
	at com.puppycrawl.tools.checkstyle.api.AutomaticBean.configure(AutomaticBean.java:198)
	at com.puppycrawl.tools.checkstyle.Main.runCheckstyle(Main.java:386)
	at com.puppycrawl.tools.checkstyle.Main.runCli(Main.java:313)
	at com.puppycrawl.tools.checkstyle.Main.execute(Main.java:180)
	at com.puppycrawl.tools.checkstyle.Main.main(Main.java:119)
Caused by: com.puppycrawl.tools.checkstyle.api.CheckstyleException: Property 'fileExtensions' in module LineLength does not exist, please check the documentation
	at com.puppycrawl.tools.checkstyle.api.AutomaticBean.tryCopyProperty(AutomaticBean.java:224)
	at com.puppycrawl.tools.checkstyle.api.AutomaticBean.configure(AutomaticBean.java:191)
	at com.puppycrawl.tools.checkstyle.Checker.setupChild(Checker.java:458)
	... 5 more

[Error - 9:00:47 PM] Checkstyle failed with error code 254:
Checkstyle ends with 1 errors.
com.puppycrawl.tools.checkstyle.api.CheckstyleException: cannot initialize module LineLength - Property 'fileExtensions' in module LineLength does not exist, please check the documentation
	at com.puppycrawl.tools.checkstyle.Checker.setupChild(Checker.java:463)
	at com.puppycrawl.tools.checkstyle.api.AutomaticBean.configure(AutomaticBean.java:198)
	at com.puppycrawl.tools.checkstyle.Main.runCheckstyle(Main.java:386)
	at com.puppycrawl.tools.checkstyle.Main.runCli(Main.java:313)
	at com.puppycrawl.tools.checkstyle.Main.execute(Main.java:180)
	at com.puppycrawl.tools.checkstyle.Main.main(Main.java:119)
Caused by: com.puppycrawl.tools.checkstyle.api.CheckstyleException: Property 'fileExtensions' in module LineLength does not exist, please check the documentation
	at com.puppycrawl.tools.checkstyle.api.AutomaticBean.tryCopyProperty(AutomaticBean.java:224)
	at com.puppycrawl.tools.checkstyle.api.AutomaticBean.configure(AutomaticBean.java:191)
	at com.puppycrawl.tools.checkstyle.Checker.setupChild(Checker.java:458)
	... 5 more

[Error - 9:00:48 PM] Checkstyle failed with error code 254:
Checkstyle ends with 1 errors.
com.puppycrawl.tools.checkstyle.api.CheckstyleException: cannot initialize module LineLength - Property 'fileExtensions' in module LineLength does not exist, please check the documentation
	at com.puppycrawl.tools.checkstyle.Checker.setupChild(Checker.java:463)
	at com.puppycrawl.tools.checkstyle.api.AutomaticBean.configure(AutomaticBean.java:198)
	at com.puppycrawl.tools.checkstyle.Main.runCheckstyle(Main.java:386)
	at com.puppycrawl.tools.checkstyle.Main.runCli(Main.java:313)
	at com.puppycrawl.tools.checkstyle.Main.execute(Main.java:180)
	at com.puppycrawl.tools.checkstyle.Main.main(Main.java:119)
Caused by: com.puppycrawl.tools.checkstyle.api.CheckstyleException: Property 'fileExtensions' in module LineLength does not exist, please check the documentation
	at com.puppycrawl.tools.checkstyle.api.AutomaticBean.tryCopyProperty(AutomaticBean.java:224)
	at com.puppycrawl.tools.checkstyle.api.AutomaticBean.configure(AutomaticBean.java:191)
	at com.puppycrawl.tools.checkstyle.Checker.setupChild(Checker.java:458)
	... 5 more

[Error - 9:00:48 PM] Checkstyle failed with error code 254:
Checkstyle ends with 1 errors.
com.puppycrawl.tools.checkstyle.api.CheckstyleException: cannot initialize module LineLength - Property 'fileExtensions' in module LineLength does not exist, please check the documentation
	at com.puppycrawl.tools.checkstyle.Checker.setupChild(Checker.java:463)
	at com.puppycrawl.tools.checkstyle.api.AutomaticBean.configure(AutomaticBean.java:198)
	at com.puppycrawl.tools.checkstyle.Main.runCheckstyle(Main.java:386)
	at com.puppycrawl.tools.checkstyle.Main.runCli(Main.java:313)
	at com.puppycrawl.tools.checkstyle.Main.execute(Main.java:180)
	at com.puppycrawl.tools.checkstyle.Main.main(Main.java:119)
Caused by: com.puppycrawl.tools.checkstyle.api.CheckstyleException: Property 'fileExtensions' in module LineLength does not exist, please check the documentation
	at com.puppycrawl.tools.checkstyle.api.AutomaticBean.tryCopyProperty(AutomaticBean.java:224)
	at com.puppycrawl.tools.checkstyle.api.AutomaticBean.configure(AutomaticBean.java:191)
	at com.puppycrawl.tools.checkstyle.Checker.setupChild(Checker.java:458)
	... 5 more

[Error - 9:00:48 PM] Checkstyle failed with error code 254:
Checkstyle ends with 1 errors.
com.puppycrawl.tools.checkstyle.api.CheckstyleException: cannot initialize module LineLength - Property 'fileExtensions' in module LineLength does not exist, please check the documentation
	at com.puppycrawl.tools.checkstyle.Checker.setupChild(Checker.java:463)
	at com.puppycrawl.tools.checkstyle.api.AutomaticBean.configure(AutomaticBean.java:198)
	at com.puppycrawl.tools.checkstyle.Main.runCheckstyle(Main.java:386)
	at com.puppycrawl.tools.checkstyle.Main.runCli(Main.java:313)
	at com.puppycrawl.tools.checkstyle.Main.execute(Main.java:180)
	at com.puppycrawl.tools.checkstyle.Main.main(Main.java:119)
Caused by: com.puppycrawl.tools.checkstyle.api.CheckstyleException: Property 'fileExtensions' in module LineLength does not exist, please check the documentation
	at com.puppycrawl.tools.checkstyle.api.AutomaticBean.tryCopyProperty(AutomaticBean.java:224)
	at com.puppycrawl.tools.checkstyle.api.AutomaticBean.configure(AutomaticBean.java:191)
	at com.puppycrawl.tools.checkstyle.Checker.setupChild(Checker.java:458)
	... 5 more

[Error - 9:00:50 PM] Checkstyle failed with error code 254:
Checkstyle ends with 1 errors.
com.puppycrawl.tools.checkstyle.api.CheckstyleException: cannot initialize module LineLength - Property 'fileExtensions' in module LineLength does not exist, please check the documentation
	at com.puppycrawl.tools.checkstyle.Checker.setupChild(Checker.java:463)
	at com.puppycrawl.tools.checkstyle.api.AutomaticBean.configure(AutomaticBean.java:198)
	at com.puppycrawl.tools.checkstyle.Main.runCheckstyle(Main.java:386)
	at com.puppycrawl.tools.checkstyle.Main.runCli(Main.java:313)
	at com.puppycrawl.tools.checkstyle.Main.execute(Main.java:180)
	at com.puppycrawl.tools.checkstyle.Main.main(Main.java:119)
Caused by: com.puppycrawl.tools.checkstyle.api.CheckstyleException: Property 'fileExtensions' in module LineLength does not exist, please check the documentation
	at com.puppycrawl.tools.checkstyle.api.AutomaticBean.tryCopyProperty(AutomaticBean.java:224)
	at com.puppycrawl.tools.checkstyle.api.AutomaticBean.configure(AutomaticBean.java:191)
	at com.puppycrawl.tools.checkstyle.Checker.setupChild(Checker.java:458)
	... 5 more

[Error - 9:00:52 PM] Checkstyle failed with error code 254:
Checkstyle ends with 1 errors.
com.puppycrawl.tools.checkstyle.api.CheckstyleException: cannot initialize module LineLength - Property 'fileExtensions' in module LineLength does not exist, please check the documentation
	at com.puppycrawl.tools.checkstyle.Checker.setupChild(Checker.java:463)
	at com.puppycrawl.tools.checkstyle.api.AutomaticBean.configure(AutomaticBean.java:198)
	at com.puppycrawl.tools.checkstyle.Main.runCheckstyle(Main.java:386)
	at com.puppycrawl.tools.checkstyle.Main.runCli(Main.java:313)
	at com.puppycrawl.tools.checkstyle.Main.execute(Main.java:180)
	at com.puppycrawl.tools.checkstyle.Main.main(Main.java:119)
Caused by: com.puppycrawl.tools.checkstyle.api.CheckstyleException: Property 'fileExtensions' in module LineLength does not exist, please check the documentation
	at com.puppycrawl.tools.checkstyle.api.AutomaticBean.tryCopyProperty(AutomaticBean.java:224)
	at com.puppycrawl.tools.checkstyle.api.AutomaticBean.configure(AutomaticBean.java:191)
	at com.puppycrawl.tools.checkstyle.Checker.setupChild(Checker.java:458)
	... 5 more

[Error - 9:00:52 PM] Checkstyle failed with error code 254:
Checkstyle ends with 1 errors.
com.puppycrawl.tools.checkstyle.api.CheckstyleException: cannot initialize module LineLength - Property 'fileExtensions' in module LineLength does not exist, please check the documentation
	at com.puppycrawl.tools.checkstyle.Checker.setupChild(Checker.java:463)
	at com.puppycrawl.tools.checkstyle.api.AutomaticBean.configure(AutomaticBean.java:198)
	at com.puppycrawl.tools.checkstyle.Main.runCheckstyle(Main.java:386)
	at com.puppycrawl.tools.checkstyle.Main.runCli(Main.java:313)
	at com.puppycrawl.tools.checkstyle.Main.execute(Main.java:180)
	at com.puppycrawl.tools.checkstyle.Main.main(Main.java:119)
Caused by: com.puppycrawl.tools.checkstyle.api.CheckstyleException: Property 'fileExtensions' in module LineLength does not exist, please check the documentation
	at com.puppycrawl.tools.checkstyle.api.AutomaticBean.tryCopyProperty(AutomaticBean.java:224)
	at com.puppycrawl.tools.checkstyle.api.AutomaticBean.configure(AutomaticBean.java:191)
	at com.puppycrawl.tools.checkstyle.Checker.setupChild(Checker.java:458)
	... 5 more

[Error - 9:00:52 PM] Checkstyle failed with error code 254:
Checkstyle ends with 1 errors.
com.puppycrawl.tools.checkstyle.api.CheckstyleException: cannot initialize module LineLength - Property 'fileExtensions' in module LineLength does not exist, please check the documentation
	at com.puppycrawl.tools.checkstyle.Checker.setupChild(Checker.java:463)
	at com.puppycrawl.tools.checkstyle.api.AutomaticBean.configure(AutomaticBean.java:198)
	at com.puppycrawl.tools.checkstyle.Main.runCheckstyle(Main.java:386)
	at com.puppycrawl.tools.checkstyle.Main.runCli(Main.java:313)
	at com.puppycrawl.tools.checkstyle.Main.execute(Main.java:180)
	at com.puppycrawl.tools.checkstyle.Main.main(Main.java:119)
Caused by: com.puppycrawl.tools.checkstyle.api.CheckstyleException: Property 'fileExtensions' in module LineLength does not exist, please check the documentation
	at com.puppycrawl.tools.checkstyle.api.AutomaticBean.tryCopyProperty(AutomaticBean.java:224)
	at com.puppycrawl.tools.checkstyle.api.AutomaticBean.configure(AutomaticBean.java:191)
	at com.puppycrawl.tools.checkstyle.Checker.setupChild(Checker.java:458)
	... 5 more

[Error - 9:00:53 PM] Checkstyle failed with error code 254:
Checkstyle ends with 1 errors.
com.puppycrawl.tools.checkstyle.api.CheckstyleException: cannot initialize module LineLength - Property 'fileExtensions' in module LineLength does not exist, please check the documentation
	at com.puppycrawl.tools.checkstyle.Checker.setupChild(Checker.java:463)
	at com.puppycrawl.tools.checkstyle.api.AutomaticBean.configure(AutomaticBean.java:198)
	at com.puppycrawl.tools.checkstyle.Main.runCheckstyle(Main.java:386)
	at com.puppycrawl.tools.checkstyle.Main.runCli(Main.java:313)
	at com.puppycrawl.tools.checkstyle.Main.execute(Main.java:180)
	at com.puppycrawl.tools.checkstyle.Main.main(Main.java:119)
Caused by: com.puppycrawl.tools.checkstyle.api.CheckstyleException: Property 'fileExtensions' in module LineLength does not exist, please check the documentation
	at com.puppycrawl.tools.checkstyle.api.AutomaticBean.tryCopyProperty(AutomaticBean.java:224)
	at com.puppycrawl.tools.checkstyle.api.AutomaticBean.configure(AutomaticBean.java:191)
	at com.puppycrawl.tools.checkstyle.Checker.setupChild(Checker.java:458)
	... 5 more

[Error - 9:00:57 PM] Checkstyle failed with error code 254:
Checkstyle ends with 1 errors.
com.puppycrawl.tools.checkstyle.api.CheckstyleException: cannot initialize module LineLength - Property 'fileExtensions' in module LineLength does not exist, please check the documentation
	at com.puppycrawl.tools.checkstyle.Checker.setupChild(Checker.java:463)
	at com.puppycrawl.tools.checkstyle.api.AutomaticBean.configure(AutomaticBean.java:198)
	at com.puppycrawl.tools.checkstyle.Main.runCheckstyle(Main.java:386)
	at com.puppycrawl.tools.checkstyle.Main.runCli(Main.java:313)
	at com.puppycrawl.tools.checkstyle.Main.execute(Main.java:180)
	at com.puppycrawl.tools.checkstyle.Main.main(Main.java:119)
Caused by: com.puppycrawl.tools.checkstyle.api.CheckstyleException: Property 'fileExtensions' in module LineLength does not exist, please check the documentation
	at com.puppycrawl.tools.checkstyle.api.AutomaticBean.tryCopyProperty(AutomaticBean.java:224)
	at com.puppycrawl.tools.checkstyle.api.AutomaticBean.configure(AutomaticBean.java:191)
	at com.puppycrawl.tools.checkstyle.Checker.setupChild(Checker.java:458)
	... 5 more

[Error - 9:00:57 PM] Checkstyle failed with error code 254:
Checkstyle ends with 1 errors.
com.puppycrawl.tools.checkstyle.api.CheckstyleException: cannot initialize module LineLength - Property 'fileExtensions' in module LineLength does not exist, please check the documentation
	at com.puppycrawl.tools.checkstyle.Checker.setupChild(Checker.java:463)
	at com.puppycrawl.tools.checkstyle.api.AutomaticBean.configure(AutomaticBean.java:198)
	at com.puppycrawl.tools.checkstyle.Main.runCheckstyle(Main.java:386)
	at com.puppycrawl.tools.checkstyle.Main.runCli(Main.java:313)
	at com.puppycrawl.tools.checkstyle.Main.execute(Main.java:180)
	at com.puppycrawl.tools.checkstyle.Main.main(Main.java:119)
Caused by: com.puppycrawl.tools.checkstyle.api.CheckstyleException: Property 'fileExtensions' in module LineLength does not exist, please check the documentation
	at com.puppycrawl.tools.checkstyle.api.AutomaticBean.tryCopyProperty(AutomaticBean.java:224)
	at com.puppycrawl.tools.checkstyle.api.AutomaticBean.configure(AutomaticBean.java:191)
	at com.puppycrawl.tools.checkstyle.Checker.setupChild(Checker.java:458)
	... 5 more

[Error - 9:00:57 PM] Checkstyle failed with error code 254:
Checkstyle ends with 1 errors.
com.puppycrawl.tools.checkstyle.api.CheckstyleException: cannot initialize module LineLength - Property 'fileExtensions' in module LineLength does not exist, please check the documentation
	at com.puppycrawl.tools.checkstyle.Checker.setupChild(Checker.java:463)
	at com.puppycrawl.tools.checkstyle.api.AutomaticBean.configure(AutomaticBean.java:198)
	at com.puppycrawl.tools.checkstyle.Main.runCheckstyle(Main.java:386)
	at com.puppycrawl.tools.checkstyle.Main.runCli(Main.java:313)
	at com.puppycrawl.tools.checkstyle.Main.execute(Main.java:180)
	at com.puppycrawl.tools.checkstyle.Main.main(Main.java:119)
Caused by: com.puppycrawl.tools.checkstyle.api.CheckstyleException: Property 'fileExtensions' in module LineLength does not exist, please check the documentation
	at com.puppycrawl.tools.checkstyle.api.AutomaticBean.tryCopyProperty(AutomaticBean.java:224)
	at com.puppycrawl.tools.checkstyle.api.AutomaticBean.configure(AutomaticBean.java:191)
	at com.puppycrawl.tools.checkstyle.Checker.setupChild(Checker.java:458)
	... 5 more

[Error - 9:00:57 PM] Checkstyle failed with error code 254:
Checkstyle ends with 1 errors.
com.puppycrawl.tools.checkstyle.api.CheckstyleException: cannot initialize module LineLength - Property 'fileExtensions' in module LineLength does not exist, please check the documentation
	at com.puppycrawl.tools.checkstyle.Checker.setupChild(Checker.java:463)
	at com.puppycrawl.tools.checkstyle.api.AutomaticBean.configure(AutomaticBean.java:198)
	at com.puppycrawl.tools.checkstyle.Main.runCheckstyle(Main.java:386)
	at com.puppycrawl.tools.checkstyle.Main.runCli(Main.java:313)
	at com.puppycrawl.tools.checkstyle.Main.execute(Main.java:180)
	at com.puppycrawl.tools.checkstyle.Main.main(Main.java:119)
Caused by: com.puppycrawl.tools.checkstyle.api.CheckstyleException: Property 'fileExtensions' in module LineLength does not exist, please check the documentation
	at com.puppycrawl.tools.checkstyle.api.AutomaticBean.tryCopyProperty(AutomaticBean.java:224)
	at com.puppycrawl.tools.checkstyle.api.AutomaticBean.configure(AutomaticBean.java:191)
	at com.puppycrawl.tools.checkstyle.Checker.setupChild(Checker.java:458)
	... 5 more

[Error - 9:00:58 PM] Checkstyle failed with error code 254:
Checkstyle ends with 1 errors.
com.puppycrawl.tools.checkstyle.api.CheckstyleException: cannot initialize module LineLength - Property 'fileExtensions' in module LineLength does not exist, please check the documentation
	at com.puppycrawl.tools.checkstyle.Checker.setupChild(Checker.java:463)
	at com.puppycrawl.tools.checkstyle.api.AutomaticBean.configure(AutomaticBean.java:198)
	at com.puppycrawl.tools.checkstyle.Main.runCheckstyle(Main.java:386)
	at com.puppycrawl.tools.checkstyle.Main.runCli(Main.java:313)
	at com.puppycrawl.tools.checkstyle.Main.execute(Main.java:180)
	at com.puppycrawl.tools.checkstyle.Main.main(Main.java:119)
Caused by: com.puppycrawl.tools.checkstyle.api.CheckstyleException: Property 'fileExtensions' in module LineLength does not exist, please check the documentation
	at com.puppycrawl.tools.checkstyle.api.AutomaticBean.tryCopyProperty(AutomaticBean.java:224)
	at com.puppycrawl.tools.checkstyle.api.AutomaticBean.configure(AutomaticBean.java:191)
	at com.puppycrawl.tools.checkstyle.Checker.setupChild(Checker.java:458)
	... 5 more

[Error - 9:00:59 PM] Checkstyle failed with error code 254:
Checkstyle ends with 1 errors.
com.puppycrawl.tools.checkstyle.api.CheckstyleException: cannot initialize module LineLength - Property 'fileExtensions' in module LineLength does not exist, please check the documentation
	at com.puppycrawl.tools.checkstyle.Checker.setupChild(Checker.java:463)
	at com.puppycrawl.tools.checkstyle.api.AutomaticBean.configure(AutomaticBean.java:198)
	at com.puppycrawl.tools.checkstyle.Main.runCheckstyle(Main.java:386)
	at com.puppycrawl.tools.checkstyle.Main.runCli(Main.java:313)
	at com.puppycrawl.tools.checkstyle.Main.execute(Main.java:180)
	at com.puppycrawl.tools.checkstyle.Main.main(Main.java:119)
Caused by: com.puppycrawl.tools.checkstyle.api.CheckstyleException: Property 'fileExtensions' in module LineLength does not exist, please check the documentation
	at com.puppycrawl.tools.checkstyle.api.AutomaticBean.tryCopyProperty(AutomaticBean.java:224)
	at com.puppycrawl.tools.checkstyle.api.AutomaticBean.configure(AutomaticBean.java:191)
	at com.puppycrawl.tools.checkstyle.Checker.setupChild(Checker.java:458)
	... 5 more

[Error - 9:01:00 PM] Checkstyle failed with error code 254:
Checkstyle ends with 1 errors.
com.puppycrawl.tools.checkstyle.api.CheckstyleException: cannot initialize module LineLength - Property 'fileExtensions' in module LineLength does not exist, please check the documentation
	at com.puppycrawl.tools.checkstyle.Checker.setupChild(Checker.java:463)
	at com.puppycrawl.tools.checkstyle.api.AutomaticBean.configure(AutomaticBean.java:198)
	at com.puppycrawl.tools.checkstyle.Main.runCheckstyle(Main.java:386)
	at com.puppycrawl.tools.checkstyle.Main.runCli(Main.java:313)
	at com.puppycrawl.tools.checkstyle.Main.execute(Main.java:180)
	at com.puppycrawl.tools.checkstyle.Main.main(Main.java:119)
Caused by: com.puppycrawl.tools.checkstyle.api.CheckstyleException: Property 'fileExtensions' in module LineLength does not exist, please check the documentation
	at com.puppycrawl.tools.checkstyle.api.AutomaticBean.tryCopyProperty(AutomaticBean.java:224)
	at com.puppycrawl.tools.checkstyle.api.AutomaticBean.configure(AutomaticBean.java:191)
	at com.puppycrawl.tools.checkstyle.Checker.setupChild(Checker.java:458)
	... 5 more

[Error - 9:01:00 PM] Checkstyle failed with error code 254:
Checkstyle ends with 1 errors.
com.puppycrawl.tools.checkstyle.api.CheckstyleException: cannot initialize module LineLength - Property 'fileExtensions' in module LineLength does not exist, please check the documentation
	at com.puppycrawl.tools.checkstyle.Checker.setupChild(Checker.java:463)
	at com.puppycrawl.tools.checkstyle.api.AutomaticBean.configure(AutomaticBean.java:198)
	at com.puppycrawl.tools.checkstyle.Main.runCheckstyle(Main.java:386)
	at com.puppycrawl.tools.checkstyle.Main.runCli(Main.java:313)
	at com.puppycrawl.tools.checkstyle.Main.execute(Main.java:180)
	at com.puppycrawl.tools.checkstyle.Main.main(Main.java:119)
Caused by: com.puppycrawl.tools.checkstyle.api.CheckstyleException: Property 'fileExtensions' in module LineLength does not exist, please check the documentation
	at com.puppycrawl.tools.checkstyle.api.AutomaticBean.tryCopyProperty(AutomaticBean.java:224)
	at com.puppycrawl.tools.checkstyle.api.AutomaticBean.configure(AutomaticBean.java:191)
	at com.puppycrawl.tools.checkstyle.Checker.setupChild(Checker.java:458)
	... 5 more

[Error - 9:01:01 PM] Checkstyle failed with error code 254:
Checkstyle ends with 1 errors.
com.puppycrawl.tools.checkstyle.api.CheckstyleException: cannot initialize module LineLength - Property 'fileExtensions' in module LineLength does not exist, please check the documentation
	at com.puppycrawl.tools.checkstyle.Checker.setupChild(Checker.java:463)
	at com.puppycrawl.tools.checkstyle.api.AutomaticBean.configure(AutomaticBean.java:198)
	at com.puppycrawl.tools.checkstyle.Main.runCheckstyle(Main.java:386)
	at com.puppycrawl.tools.checkstyle.Main.runCli(Main.java:313)
	at com.puppycrawl.tools.checkstyle.Main.execute(Main.java:180)
	at com.puppycrawl.tools.checkstyle.Main.main(Main.java:119)
Caused by: com.puppycrawl.tools.checkstyle.api.CheckstyleException: Property 'fileExtensions' in module LineLength does not exist, please check the documentation
	at com.puppycrawl.tools.checkstyle.api.AutomaticBean.tryCopyProperty(AutomaticBean.java:224)
	at com.puppycrawl.tools.checkstyle.api.AutomaticBean.configure(AutomaticBean.java:191)
	at com.puppycrawl.tools.checkstyle.Checker.setupChild(Checker.java:458)
	... 5 more

[Error - 9:01:02 PM] Checkstyle failed with error code 254:
Checkstyle ends with 1 errors.
com.puppycrawl.tools.checkstyle.api.CheckstyleException: cannot initialize module LineLength - Property 'fileExtensions' in module LineLength does not exist, please check the documentation
	at com.puppycrawl.tools.checkstyle.Checker.setupChild(Checker.java:463)
	at com.puppycrawl.tools.checkstyle.api.AutomaticBean.configure(AutomaticBean.java:198)
	at com.puppycrawl.tools.checkstyle.Main.runCheckstyle(Main.java:386)
	at com.puppycrawl.tools.checkstyle.Main.runCli(Main.java:313)
	at com.puppycrawl.tools.checkstyle.Main.execute(Main.java:180)
	at com.puppycrawl.tools.checkstyle.Main.main(Main.java:119)
Caused by: com.puppycrawl.tools.checkstyle.api.CheckstyleException: Property 'fileExtensions' in module LineLength does not exist, please check the documentation
	at com.puppycrawl.tools.checkstyle.api.AutomaticBean.tryCopyProperty(AutomaticBean.java:224)
	at com.puppycrawl.tools.checkstyle.api.AutomaticBean.configure(AutomaticBean.java:191)
	at com.puppycrawl.tools.checkstyle.Checker.setupChild(Checker.java:458)
	... 5 more

[Error - 9:01:04 PM] Checkstyle failed with error code 254:
Checkstyle ends with 1 errors.
com.puppycrawl.tools.checkstyle.api.CheckstyleException: cannot initialize module LineLength - Property 'fileExtensions' in module LineLength does not exist, please check the documentation
	at com.puppycrawl.tools.checkstyle.Checker.setupChild(Checker.java:463)
	at com.puppycrawl.tools.checkstyle.api.AutomaticBean.configure(AutomaticBean.java:198)
	at com.puppycrawl.tools.checkstyle.Main.runCheckstyle(Main.java:386)
	at com.puppycrawl.tools.checkstyle.Main.runCli(Main.java:313)
	at com.puppycrawl.tools.checkstyle.Main.execute(Main.java:180)
	at com.puppycrawl.tools.checkstyle.Main.main(Main.java:119)
Caused by: com.puppycrawl.tools.checkstyle.api.CheckstyleException: Property 'fileExtensions' in module LineLength does not exist, please check the documentation
	at com.puppycrawl.tools.checkstyle.api.AutomaticBean.tryCopyProperty(AutomaticBean.java:224)
	at com.puppycrawl.tools.checkstyle.api.AutomaticBean.configure(AutomaticBean.java:191)
	at com.puppycrawl.tools.checkstyle.Checker.setupChild(Checker.java:458)
	... 5 more

[Error - 9:01:05 PM] Checkstyle failed with error code 254:
Checkstyle ends with 1 errors.
com.puppycrawl.tools.checkstyle.api.CheckstyleException: cannot initialize module LineLength - Property 'fileExtensions' in module LineLength does not exist, please check the documentation
	at com.puppycrawl.tools.checkstyle.Checker.setupChild(Checker.java:463)
	at com.puppycrawl.tools.checkstyle.api.AutomaticBean.configure(AutomaticBean.java:198)
	at com.puppycrawl.tools.checkstyle.Main.runCheckstyle(Main.java:386)
	at com.puppycrawl.tools.checkstyle.Main.runCli(Main.java:313)
	at com.puppycrawl.tools.checkstyle.Main.execute(Main.java:180)
	at com.puppycrawl.tools.checkstyle.Main.main(Main.java:119)
Caused by: com.puppycrawl.tools.checkstyle.api.CheckstyleException: Property 'fileExtensions' in module LineLength does not exist, please check the documentation
	at com.puppycrawl.tools.checkstyle.api.AutomaticBean.tryCopyProperty(AutomaticBean.java:224)
	at com.puppycrawl.tools.checkstyle.api.AutomaticBean.configure(AutomaticBean.java:191)
	at com.puppycrawl.tools.checkstyle.Checker.setupChild(Checker.java:458)
	... 5 more

[Error - 9:01:06 PM] Checkstyle failed with error code 254:
Checkstyle ends with 1 errors.
com.puppycrawl.tools.checkstyle.api.CheckstyleException: cannot initialize module LineLength - Property 'fileExtensions' in module LineLength does not exist, please check the documentation
	at com.puppycrawl.tools.checkstyle.Checker.setupChild(Checker.java:463)
	at com.puppycrawl.tools.checkstyle.api.AutomaticBean.configure(AutomaticBean.java:198)
	at com.puppycrawl.tools.checkstyle.Main.runCheckstyle(Main.java:386)
	at com.puppycrawl.tools.checkstyle.Main.runCli(Main.java:313)
	at com.puppycrawl.tools.checkstyle.Main.execute(Main.java:180)
	at com.puppycrawl.tools.checkstyle.Main.main(Main.java:119)
Caused by: com.puppycrawl.tools.checkstyle.api.CheckstyleException: Property 'fileExtensions' in module LineLength does not exist, please check the documentation
	at com.puppycrawl.tools.checkstyle.api.AutomaticBean.tryCopyProperty(AutomaticBean.java:224)
	at com.puppycrawl.tools.checkstyle.api.AutomaticBean.configure(AutomaticBean.java:191)
	at com.puppycrawl.tools.checkstyle.Checker.setupChild(Checker.java:458)
	... 5 more

[Error - 9:01:08 PM] Checkstyle failed with error code 254:
Checkstyle ends with 1 errors.
com.puppycrawl.tools.checkstyle.api.CheckstyleException: cannot initialize module LineLength - Property 'fileExtensions' in module LineLength does not exist, please check the documentation
	at com.puppycrawl.tools.checkstyle.Checker.setupChild(Checker.java:463)
	at com.puppycrawl.tools.checkstyle.api.AutomaticBean.configure(AutomaticBean.java:198)
	at com.puppycrawl.tools.checkstyle.Main.runCheckstyle(Main.java:386)
	at com.puppycrawl.tools.checkstyle.Main.runCli(Main.java:313)
	at com.puppycrawl.tools.checkstyle.Main.execute(Main.java:180)
	at com.puppycrawl.tools.checkstyle.Main.main(Main.java:119)
Caused by: com.puppycrawl.tools.checkstyle.api.CheckstyleException: Property 'fileExtensions' in module LineLength does not exist, please check the documentation
	at com.puppycrawl.tools.checkstyle.api.AutomaticBean.tryCopyProperty(AutomaticBean.java:224)
	at com.puppycrawl.tools.checkstyle.api.AutomaticBean.configure(AutomaticBean.java:191)
	at com.puppycrawl.tools.checkstyle.Checker.setupChild(Checker.java:458)
	... 5 more

[Error - 9:01:08 PM] Checkstyle failed with error code 254:
Checkstyle ends with 1 errors.
com.puppycrawl.tools.checkstyle.api.CheckstyleException: cannot initialize module LineLength - Property 'fileExtensions' in module LineLength does not exist, please check the documentation
	at com.puppycrawl.tools.checkstyle.Checker.setupChild(Checker.java:463)
	at com.puppycrawl.tools.checkstyle.api.AutomaticBean.configure(AutomaticBean.java:198)
	at com.puppycrawl.tools.checkstyle.Main.runCheckstyle(Main.java:386)
	at com.puppycrawl.tools.checkstyle.Main.runCli(Main.java:313)
	at com.puppycrawl.tools.checkstyle.Main.execute(Main.java:180)
	at com.puppycrawl.tools.checkstyle.Main.main(Main.java:119)
Caused by: com.puppycrawl.tools.checkstyle.api.CheckstyleException: Property 'fileExtensions' in module LineLength does not exist, please check the documentation
	at com.puppycrawl.tools.checkstyle.api.AutomaticBean.tryCopyProperty(AutomaticBean.java:224)
	at com.puppycrawl.tools.checkstyle.api.AutomaticBean.configure(AutomaticBean.java:191)
	at com.puppycrawl.tools.checkstyle.Checker.setupChild(Checker.java:458)
	... 5 more

[Error - 9:01:08 PM] Checkstyle failed with error code 254:
Checkstyle ends with 1 errors.
com.puppycrawl.tools.checkstyle.api.CheckstyleException: cannot initialize module LineLength - Property 'fileExtensions' in module LineLength does not exist, please check the documentation
	at com.puppycrawl.tools.checkstyle.Checker.setupChild(Checker.java:463)
	at com.puppycrawl.tools.checkstyle.api.AutomaticBean.configure(AutomaticBean.java:198)
	at com.puppycrawl.tools.checkstyle.Main.runCheckstyle(Main.java:386)
	at com.puppycrawl.tools.checkstyle.Main.runCli(Main.java:313)
	at com.puppycrawl.tools.checkstyle.Main.execute(Main.java:180)
	at com.puppycrawl.tools.checkstyle.Main.main(Main.java:119)
Caused by: com.puppycrawl.tools.checkstyle.api.CheckstyleException: Property 'fileExtensions' in module LineLength does not exist, please check the documentation
	at com.puppycrawl.tools.checkstyle.api.AutomaticBean.tryCopyProperty(AutomaticBean.java:224)
	at com.puppycrawl.tools.checkstyle.api.AutomaticBean.configure(AutomaticBean.java:191)
	at com.puppycrawl.tools.checkstyle.Checker.setupChild(Checker.java:458)
	... 5 more

[Error - 9:01:11 PM] Checkstyle failed with error code 254:
Checkstyle ends with 1 errors.
com.puppycrawl.tools.checkstyle.api.CheckstyleException: cannot initialize module LineLength - Property 'fileExtensions' in module LineLength does not exist, please check the documentation
	at com.puppycrawl.tools.checkstyle.Checker.setupChild(Checker.java:463)
	at com.puppycrawl.tools.checkstyle.api.AutomaticBean.configure(AutomaticBean.java:198)
	at com.puppycrawl.tools.checkstyle.Main.runCheckstyle(Main.java:386)
	at com.puppycrawl.tools.checkstyle.Main.runCli(Main.java:313)
	at com.puppycrawl.tools.checkstyle.Main.execute(Main.java:180)
	at com.puppycrawl.tools.checkstyle.Main.main(Main.java:119)
Caused by: com.puppycrawl.tools.checkstyle.api.CheckstyleException: Property 'fileExtensions' in module LineLength does not exist, please check the documentation
	at com.puppycrawl.tools.checkstyle.api.AutomaticBean.tryCopyProperty(AutomaticBean.java:224)
	at com.puppycrawl.tools.checkstyle.api.AutomaticBean.configure(AutomaticBean.java:191)
	at com.puppycrawl.tools.checkstyle.Checker.setupChild(Checker.java:458)
	... 5 more

[Error - 9:01:14 PM] Checkstyle failed with error code 254:
Checkstyle ends with 1 errors.
com.puppycrawl.tools.checkstyle.api.CheckstyleException: cannot initialize module LineLength - Property 'fileExtensions' in module LineLength does not exist, please check the documentation
	at com.puppycrawl.tools.checkstyle.Checker.setupChild(Checker.java:463)
	at com.puppycrawl.tools.checkstyle.api.AutomaticBean.configure(AutomaticBean.java:198)
	at com.puppycrawl.tools.checkstyle.Main.runCheckstyle(Main.java:386)
	at com.puppycrawl.tools.checkstyle.Main.runCli(Main.java:313)
	at com.puppycrawl.tools.checkstyle.Main.execute(Main.java:180)
	at com.puppycrawl.tools.checkstyle.Main.main(Main.java:119)
Caused by: com.puppycrawl.tools.checkstyle.api.CheckstyleException: Property 'fileExtensions' in module LineLength does not exist, please check the documentation
	at com.puppycrawl.tools.checkstyle.api.AutomaticBean.tryCopyProperty(AutomaticBean.java:224)
	at com.puppycrawl.tools.checkstyle.api.AutomaticBean.configure(AutomaticBean.java:191)
	at com.puppycrawl.tools.checkstyle.Checker.setupChild(Checker.java:458)
	... 5 more

[Error - 9:01:15 PM] Checkstyle failed with error code 254:
Checkstyle ends with 1 errors.
com.puppycrawl.tools.checkstyle.api.CheckstyleException: cannot initialize module LineLength - Property 'fileExtensions' in module LineLength does not exist, please check the documentation
	at com.puppycrawl.tools.checkstyle.Checker.setupChild(Checker.java:463)
	at com.puppycrawl.tools.checkstyle.api.AutomaticBean.configure(AutomaticBean.java:198)
	at com.puppycrawl.tools.checkstyle.Main.runCheckstyle(Main.java:386)
	at com.puppycrawl.tools.checkstyle.Main.runCli(Main.java:313)
	at com.puppycrawl.tools.checkstyle.Main.execute(Main.java:180)
	at com.puppycrawl.tools.checkstyle.Main.main(Main.java:119)
Caused by: com.puppycrawl.tools.checkstyle.api.CheckstyleException: Property 'fileExtensions' in module LineLength does not exist, please check the documentation
	at com.puppycrawl.tools.checkstyle.api.AutomaticBean.tryCopyProperty(AutomaticBean.java:224)
	at com.puppycrawl.tools.checkstyle.api.AutomaticBean.configure(AutomaticBean.java:191)
	at com.puppycrawl.tools.checkstyle.Checker.setupChild(Checker.java:458)
	... 5 more

[Error - 9:01:15 PM] Checkstyle failed with error code 254:
Checkstyle ends with 1 errors.
com.puppycrawl.tools.checkstyle.api.CheckstyleException: cannot initialize module LineLength - Property 'fileExtensions' in module LineLength does not exist, please check the documentation
	at com.puppycrawl.tools.checkstyle.Checker.setupChild(Checker.java:463)
	at com.puppycrawl.tools.checkstyle.api.AutomaticBean.configure(AutomaticBean.java:198)
	at com.puppycrawl.tools.checkstyle.Main.runCheckstyle(Main.java:386)
	at com.puppycrawl.tools.checkstyle.Main.runCli(Main.java:313)
	at com.puppycrawl.tools.checkstyle.Main.execute(Main.java:180)
	at com.puppycrawl.tools.checkstyle.Main.main(Main.java:119)
Caused by: com.puppycrawl.tools.checkstyle.api.CheckstyleException: Property 'fileExtensions' in module LineLength does not exist, please check the documentation
	at com.puppycrawl.tools.checkstyle.api.AutomaticBean.tryCopyProperty(AutomaticBean.java:224)
	at com.puppycrawl.tools.checkstyle.api.AutomaticBean.configure(AutomaticBean.java:191)
	at com.puppycrawl.tools.checkstyle.Checker.setupChild(Checker.java:458)
	... 5 more

[Error - 9:01:16 PM] Checkstyle failed with error code 254:
Checkstyle ends with 1 errors.
com.puppycrawl.tools.checkstyle.api.CheckstyleException: cannot initialize module LineLength - Property 'fileExtensions' in module LineLength does not exist, please check the documentation
	at com.puppycrawl.tools.checkstyle.Checker.setupChild(Checker.java:463)
	at com.puppycrawl.tools.checkstyle.api.AutomaticBean.configure(AutomaticBean.java:198)
	at com.puppycrawl.tools.checkstyle.Main.runCheckstyle(Main.java:386)
	at com.puppycrawl.tools.checkstyle.Main.runCli(Main.java:313)
	at com.puppycrawl.tools.checkstyle.Main.execute(Main.java:180)
	at com.puppycrawl.tools.checkstyle.Main.main(Main.java:119)
Caused by: com.puppycrawl.tools.checkstyle.api.CheckstyleException: Property 'fileExtensions' in module LineLength does not exist, please check the documentation
	at com.puppycrawl.tools.checkstyle.api.AutomaticBean.tryCopyProperty(AutomaticBean.java:224)
	at com.puppycrawl.tools.checkstyle.api.AutomaticBean.configure(AutomaticBean.java:191)
	at com.puppycrawl.tools.checkstyle.Checker.setupChild(Checker.java:458)
	... 5 more

[Error - 9:01:19 PM] Checkstyle failed with error code 254:
Checkstyle ends with 1 errors.
com.puppycrawl.tools.checkstyle.api.CheckstyleException: cannot initialize module LineLength - Property 'fileExtensions' in module LineLength does not exist, please check the documentation
	at com.puppycrawl.tools.checkstyle.Checker.setupChild(Checker.java:463)
	at com.puppycrawl.tools.checkstyle.api.AutomaticBean.configure(AutomaticBean.java:198)
	at com.puppycrawl.tools.checkstyle.Main.runCheckstyle(Main.java:386)
	at com.puppycrawl.tools.checkstyle.Main.runCli(Main.java:313)
	at com.puppycrawl.tools.checkstyle.Main.execute(Main.java:180)
	at com.puppycrawl.tools.checkstyle.Main.main(Main.java:119)
Caused by: com.puppycrawl.tools.checkstyle.api.CheckstyleException: Property 'fileExtensions' in module LineLength does not exist, please check the documentation
	at com.puppycrawl.tools.checkstyle.api.AutomaticBean.tryCopyProperty(AutomaticBean.java:224)
	at com.puppycrawl.tools.checkstyle.api.AutomaticBean.configure(AutomaticBean.java:191)
	at com.puppycrawl.tools.checkstyle.Checker.setupChild(Checker.java:458)
	... 5 more

[Error - 9:01:19 PM] Checkstyle failed with error code 254:
Checkstyle ends with 1 errors.
com.puppycrawl.tools.checkstyle.api.CheckstyleException: cannot initialize module LineLength - Property 'fileExtensions' in module LineLength does not exist, please check the documentation
	at com.puppycrawl.tools.checkstyle.Checker.setupChild(Checker.java:463)
	at com.puppycrawl.tools.checkstyle.api.AutomaticBean.configure(AutomaticBean.java:198)
	at com.puppycrawl.tools.checkstyle.Main.runCheckstyle(Main.java:386)
	at com.puppycrawl.tools.checkstyle.Main.runCli(Main.java:313)
	at com.puppycrawl.tools.checkstyle.Main.execute(Main.java:180)
	at com.puppycrawl.tools.checkstyle.Main.main(Main.java:119)
Caused by: com.puppycrawl.tools.checkstyle.api.CheckstyleException: Property 'fileExtensions' in module LineLength does not exist, please check the documentation
	at com.puppycrawl.tools.checkstyle.api.AutomaticBean.tryCopyProperty(AutomaticBean.java:224)
	at com.puppycrawl.tools.checkstyle.api.AutomaticBean.configure(AutomaticBean.java:191)
	at com.puppycrawl.tools.checkstyle.Checker.setupChild(Checker.java:458)
	... 5 more

[Error - 9:01:19 PM] Checkstyle failed with error code 254:
Checkstyle ends with 1 errors.
com.puppycrawl.tools.checkstyle.api.CheckstyleException: cannot initialize module LineLength - Property 'fileExtensions' in module LineLength does not exist, please check the documentation
	at com.puppycrawl.tools.checkstyle.Checker.setupChild(Checker.java:463)
	at com.puppycrawl.tools.checkstyle.api.AutomaticBean.configure(AutomaticBean.java:198)
	at com.puppycrawl.tools.checkstyle.Main.runCheckstyle(Main.java:386)
	at com.puppycrawl.tools.checkstyle.Main.runCli(Main.java:313)
	at com.puppycrawl.tools.checkstyle.Main.execute(Main.java:180)
	at com.puppycrawl.tools.checkstyle.Main.main(Main.java:119)
Caused by: com.puppycrawl.tools.checkstyle.api.CheckstyleException: Property 'fileExtensions' in module LineLength does not exist, please check the documentation
	at com.puppycrawl.tools.checkstyle.api.AutomaticBean.tryCopyProperty(AutomaticBean.java:224)
	at com.puppycrawl.tools.checkstyle.api.AutomaticBean.configure(AutomaticBean.java:191)
	at com.puppycrawl.tools.checkstyle.Checker.setupChild(Checker.java:458)
	... 5 more

[Error - 9:01:20 PM] Checkstyle failed with error code 254:
Checkstyle ends with 1 errors.
com.puppycrawl.tools.checkstyle.api.CheckstyleException: cannot initialize module LineLength - Property 'fileExtensions' in module LineLength does not exist, please check the documentation
	at com.puppycrawl.tools.checkstyle.Checker.setupChild(Checker.java:463)
	at com.puppycrawl.tools.checkstyle.api.AutomaticBean.configure(AutomaticBean.java:198)
	at com.puppycrawl.tools.checkstyle.Main.runCheckstyle(Main.java:386)
	at com.puppycrawl.tools.checkstyle.Main.runCli(Main.java:313)
	at com.puppycrawl.tools.checkstyle.Main.execute(Main.java:180)
	at com.puppycrawl.tools.checkstyle.Main.main(Main.java:119)
Caused by: com.puppycrawl.tools.checkstyle.api.CheckstyleException: Property 'fileExtensions' in module LineLength does not exist, please check the documentation
	at com.puppycrawl.tools.checkstyle.api.AutomaticBean.tryCopyProperty(AutomaticBean.java:224)
	at com.puppycrawl.tools.checkstyle.api.AutomaticBean.configure(AutomaticBean.java:191)
	at com.puppycrawl.tools.checkstyle.Checker.setupChild(Checker.java:458)
	... 5 more

[Error - 9:01:22 PM] Checkstyle failed with error code 254:
Checkstyle ends with 1 errors.
com.puppycrawl.tools.checkstyle.api.CheckstyleException: cannot initialize module LineLength - Property 'fileExtensions' in module LineLength does not exist, please check the documentation
	at com.puppycrawl.tools.checkstyle.Checker.setupChild(Checker.java:463)
	at com.puppycrawl.tools.checkstyle.api.AutomaticBean.configure(AutomaticBean.java:198)
	at com.puppycrawl.tools.checkstyle.Main.runCheckstyle(Main.java:386)
	at com.puppycrawl.tools.checkstyle.Main.runCli(Main.java:313)
	at com.puppycrawl.tools.checkstyle.Main.execute(Main.java:180)
	at com.puppycrawl.tools.checkstyle.Main.main(Main.java:119)
Caused by: com.puppycrawl.tools.checkstyle.api.CheckstyleException: Property 'fileExtensions' in module LineLength does not exist, please check the documentation
	at com.puppycrawl.tools.checkstyle.api.AutomaticBean.tryCopyProperty(AutomaticBean.java:224)
	at com.puppycrawl.tools.checkstyle.api.AutomaticBean.configure(AutomaticBean.java:191)
	at com.puppycrawl.tools.checkstyle.Checker.setupChild(Checker.java:458)
	... 5 more

[Error - 9:01:24 PM] Checkstyle failed with error code 254:
Checkstyle ends with 1 errors.
com.puppycrawl.tools.checkstyle.api.CheckstyleException: cannot initialize module LineLength - Property 'fileExtensions' in module LineLength does not exist, please check the documentation
	at com.puppycrawl.tools.checkstyle.Checker.setupChild(Checker.java:463)
	at com.puppycrawl.tools.checkstyle.api.AutomaticBean.configure(AutomaticBean.java:198)
	at com.puppycrawl.tools.checkstyle.Main.runCheckstyle(Main.java:386)
	at com.puppycrawl.tools.checkstyle.Main.runCli(Main.java:313)
	at com.puppycrawl.tools.checkstyle.Main.execute(Main.java:180)
	at com.puppycrawl.tools.checkstyle.Main.main(Main.java:119)
Caused by: com.puppycrawl.tools.checkstyle.api.CheckstyleException: Property 'fileExtensions' in module LineLength does not exist, please check the documentation
	at com.puppycrawl.tools.checkstyle.api.AutomaticBean.tryCopyProperty(AutomaticBean.java:224)
	at com.puppycrawl.tools.checkstyle.api.AutomaticBean.configure(AutomaticBean.java:191)
	at com.puppycrawl.tools.checkstyle.Checker.setupChild(Checker.java:458)
	... 5 more

[Error - 9:01:28 PM] Checkstyle failed with error code 254:
Checkstyle ends with 1 errors.
com.puppycrawl.tools.checkstyle.api.CheckstyleException: cannot initialize module LineLength - Property 'fileExtensions' in module LineLength does not exist, please check the documentation
	at com.puppycrawl.tools.checkstyle.Checker.setupChild(Checker.java:463)
	at com.puppycrawl.tools.checkstyle.api.AutomaticBean.configure(AutomaticBean.java:198)
	at com.puppycrawl.tools.checkstyle.Main.runCheckstyle(Main.java:386)
	at com.puppycrawl.tools.checkstyle.Main.runCli(Main.java:313)
	at com.puppycrawl.tools.checkstyle.Main.execute(Main.java:180)
	at com.puppycrawl.tools.checkstyle.Main.main(Main.java:119)
Caused by: com.puppycrawl.tools.checkstyle.api.CheckstyleException: Property 'fileExtensions' in module LineLength does not exist, please check the documentation
	at com.puppycrawl.tools.checkstyle.api.AutomaticBean.tryCopyProperty(AutomaticBean.java:224)
	at com.puppycrawl.tools.checkstyle.api.AutomaticBean.configure(AutomaticBean.java:191)
	at com.puppycrawl.tools.checkstyle.Checker.setupChild(Checker.java:458)
	... 5 more

[Error - 9:01:28 PM] Checkstyle failed with error code 254:
Checkstyle ends with 1 errors.
com.puppycrawl.tools.checkstyle.api.CheckstyleException: cannot initialize module LineLength - Property 'fileExtensions' in module LineLength does not exist, please check the documentation
	at com.puppycrawl.tools.checkstyle.Checker.setupChild(Checker.java:463)
	at com.puppycrawl.tools.checkstyle.api.AutomaticBean.configure(AutomaticBean.java:198)
	at com.puppycrawl.tools.checkstyle.Main.runCheckstyle(Main.java:386)
	at com.puppycrawl.tools.checkstyle.Main.runCli(Main.java:313)
	at com.puppycrawl.tools.checkstyle.Main.execute(Main.java:180)
	at com.puppycrawl.tools.checkstyle.Main.main(Main.java:119)
Caused by: com.puppycrawl.tools.checkstyle.api.CheckstyleException: Property 'fileExtensions' in module LineLength does not exist, please check the documentation
	at com.puppycrawl.tools.checkstyle.api.AutomaticBean.tryCopyProperty(AutomaticBean.java:224)
	at com.puppycrawl.tools.checkstyle.api.AutomaticBean.configure(AutomaticBean.java:191)
	at com.puppycrawl.tools.checkstyle.Checker.setupChild(Checker.java:458)
	... 5 more

[Error - 9:01:28 PM] Checkstyle failed with error code 254:
Checkstyle ends with 1 errors.
com.puppycrawl.tools.checkstyle.api.CheckstyleException: cannot initialize module LineLength - Property 'fileExtensions' in module LineLength does not exist, please check the documentation
	at com.puppycrawl.tools.checkstyle.Checker.setupChild(Checker.java:463)
	at com.puppycrawl.tools.checkstyle.api.AutomaticBean.configure(AutomaticBean.java:198)
	at com.puppycrawl.tools.checkstyle.Main.runCheckstyle(Main.java:386)
	at com.puppycrawl.tools.checkstyle.Main.runCli(Main.java:313)
	at com.puppycrawl.tools.checkstyle.Main.execute(Main.java:180)
	at com.puppycrawl.tools.checkstyle.Main.main(Main.java:119)
Caused by: com.puppycrawl.tools.checkstyle.api.CheckstyleException: Property 'fileExtensions' in module LineLength does not exist, please check the documentation
	at com.puppycrawl.tools.checkstyle.api.AutomaticBean.tryCopyProperty(AutomaticBean.java:224)
	at com.puppycrawl.tools.checkstyle.api.AutomaticBean.configure(AutomaticBean.java:191)
	at com.puppycrawl.tools.checkstyle.Checker.setupChild(Checker.java:458)
	... 5 more

[Error - 9:01:57 PM] Checkstyle failed with error code 254:
Checkstyle ends with 1 errors.
com.puppycrawl.tools.checkstyle.api.CheckstyleException: cannot initialize module LineLength - Property 'fileExtensions' in module LineLength does not exist, please check the documentation
	at com.puppycrawl.tools.checkstyle.Checker.setupChild(Checker.java:463)
	at com.puppycrawl.tools.checkstyle.api.AutomaticBean.configure(AutomaticBean.java:198)
	at com.puppycrawl.tools.checkstyle.Main.runCheckstyle(Main.java:386)
	at com.puppycrawl.tools.checkstyle.Main.runCli(Main.java:313)
	at com.puppycrawl.tools.checkstyle.Main.execute(Main.java:180)
	at com.puppycrawl.tools.checkstyle.Main.main(Main.java:119)
Caused by: com.puppycrawl.tools.checkstyle.api.CheckstyleException: Property 'fileExtensions' in module LineLength does not exist, please check the documentation
	at com.puppycrawl.tools.checkstyle.api.AutomaticBean.tryCopyProperty(AutomaticBean.java:224)
	at com.puppycrawl.tools.checkstyle.api.AutomaticBean.configure(AutomaticBean.java:191)
	at com.puppycrawl.tools.checkstyle.Checker.setupChild(Checker.java:458)
	... 5 more

[Error - 9:02:32 PM] Checkstyle failed with error code 254:
Checkstyle ends with 1 errors.
com.puppycrawl.tools.checkstyle.api.CheckstyleException: cannot initialize module LineLength - Property 'fileExtensions' in module LineLength does not exist, please check the documentation
	at com.puppycrawl.tools.checkstyle.Checker.setupChild(Checker.java:463)
	at com.puppycrawl.tools.checkstyle.api.AutomaticBean.configure(AutomaticBean.java:198)
	at com.puppycrawl.tools.checkstyle.Main.runCheckstyle(Main.java:386)
	at com.puppycrawl.tools.checkstyle.Main.runCli(Main.java:313)
	at com.puppycrawl.tools.checkstyle.Main.execute(Main.java:180)
	at com.puppycrawl.tools.checkstyle.Main.main(Main.java:119)
Caused by: com.puppycrawl.tools.checkstyle.api.CheckstyleException: Property 'fileExtensions' in module LineLength does not exist, please check the documentation
	at com.puppycrawl.tools.checkstyle.api.AutomaticBean.tryCopyProperty(AutomaticBean.java:224)
	at com.puppycrawl.tools.checkstyle.api.AutomaticBean.configure(AutomaticBean.java:191)
	at com.puppycrawl.tools.checkstyle.Checker.setupChild(Checker.java:458)
	... 5 more

[Error - 9:02:32 PM] Checkstyle failed with error code 254:
Checkstyle ends with 1 errors.
com.puppycrawl.tools.checkstyle.api.CheckstyleException: cannot initialize module LineLength - Property 'fileExtensions' in module LineLength does not exist, please check the documentation
	at com.puppycrawl.tools.checkstyle.Checker.setupChild(Checker.java:463)
	at com.puppycrawl.tools.checkstyle.api.AutomaticBean.configure(AutomaticBean.java:198)
	at com.puppycrawl.tools.checkstyle.Main.runCheckstyle(Main.java:386)
	at com.puppycrawl.tools.checkstyle.Main.runCli(Main.java:313)
	at com.puppycrawl.tools.checkstyle.Main.execute(Main.java:180)
	at com.puppycrawl.tools.checkstyle.Main.main(Main.java:119)
Caused by: com.puppycrawl.tools.checkstyle.api.CheckstyleException: Property 'fileExtensions' in module LineLength does not exist, please check the documentation
	at com.puppycrawl.tools.checkstyle.api.AutomaticBean.tryCopyProperty(AutomaticBean.java:224)
	at com.puppycrawl.tools.checkstyle.api.AutomaticBean.configure(AutomaticBean.java:191)
	at com.puppycrawl.tools.checkstyle.Checker.setupChild(Checker.java:458)
	... 5 more

[Error - 9:02:32 PM] Checkstyle failed with error code 254:
Checkstyle ends with 1 errors.
com.puppycrawl.tools.checkstyle.api.CheckstyleException: cannot initialize module LineLength - Property 'fileExtensions' in module LineLength does not exist, please check the documentation
	at com.puppycrawl.tools.checkstyle.Checker.setupChild(Checker.java:463)
	at com.puppycrawl.tools.checkstyle.api.AutomaticBean.configure(AutomaticBean.java:198)
	at com.puppycrawl.tools.checkstyle.Main.runCheckstyle(Main.java:386)
	at com.puppycrawl.tools.checkstyle.Main.runCli(Main.java:313)
	at com.puppycrawl.tools.checkstyle.Main.execute(Main.java:180)
	at com.puppycrawl.tools.checkstyle.Main.main(Main.java:119)
Caused by: com.puppycrawl.tools.checkstyle.api.CheckstyleException: Property 'fileExtensions' in module LineLength does not exist, please check the documentation
	at com.puppycrawl.tools.checkstyle.api.AutomaticBean.tryCopyProperty(AutomaticBean.java:224)
	at com.puppycrawl.tools.checkstyle.api.AutomaticBean.configure(AutomaticBean.java:191)
	at com.puppycrawl.tools.checkstyle.Checker.setupChild(Checker.java:458)
	... 5 more

[Error - 9:02:33 PM] Checkstyle failed with error code 254:
Checkstyle ends with 1 errors.
com.puppycrawl.tools.checkstyle.api.CheckstyleException: cannot initialize module LineLength - Property 'fileExtensions' in module LineLength does not exist, please check the documentation
	at com.puppycrawl.tools.checkstyle.Checker.setupChild(Checker.java:463)
	at com.puppycrawl.tools.checkstyle.api.AutomaticBean.configure(AutomaticBean.java:198)
	at com.puppycrawl.tools.checkstyle.Main.runCheckstyle(Main.java:386)
	at com.puppycrawl.tools.checkstyle.Main.runCli(Main.java:313)
	at com.puppycrawl.tools.checkstyle.Main.execute(Main.java:180)
	at com.puppycrawl.tools.checkstyle.Main.main(Main.java:119)
Caused by: com.puppycrawl.tools.checkstyle.api.CheckstyleException: Property 'fileExtensions' in module LineLength does not exist, please check the documentation
	at com.puppycrawl.tools.checkstyle.api.AutomaticBean.tryCopyProperty(AutomaticBean.java:224)
	at com.puppycrawl.tools.checkstyle.api.AutomaticBean.configure(AutomaticBean.java:191)
	at com.puppycrawl.tools.checkstyle.Checker.setupChild(Checker.java:458)
	... 5 more

[Error - 9:02:34 PM] Checkstyle failed with error code 254:
Checkstyle ends with 1 errors.
com.puppycrawl.tools.checkstyle.api.CheckstyleException: cannot initialize module LineLength - Property 'fileExtensions' in module LineLength does not exist, please check the documentation
	at com.puppycrawl.tools.checkstyle.Checker.setupChild(Checker.java:463)
	at com.puppycrawl.tools.checkstyle.api.AutomaticBean.configure(AutomaticBean.java:198)
	at com.puppycrawl.tools.checkstyle.Main.runCheckstyle(Main.java:386)
	at com.puppycrawl.tools.checkstyle.Main.runCli(Main.java:313)
	at com.puppycrawl.tools.checkstyle.Main.execute(Main.java:180)
	at com.puppycrawl.tools.checkstyle.Main.main(Main.java:119)
Caused by: com.puppycrawl.tools.checkstyle.api.CheckstyleException: Property 'fileExtensions' in module LineLength does not exist, please check the documentation
	at com.puppycrawl.tools.checkstyle.api.AutomaticBean.tryCopyProperty(AutomaticBean.java:224)
	at com.puppycrawl.tools.checkstyle.api.AutomaticBean.configure(AutomaticBean.java:191)
	at com.puppycrawl.tools.checkstyle.Checker.setupChild(Checker.java:458)
	... 5 more

[Error - 9:02:35 PM] Checkstyle failed with error code 254:
Checkstyle ends with 1 errors.
com.puppycrawl.tools.checkstyle.api.CheckstyleException: cannot initialize module LineLength - Property 'fileExtensions' in module LineLength does not exist, please check the documentation
	at com.puppycrawl.tools.checkstyle.Checker.setupChild(Checker.java:463)
	at com.puppycrawl.tools.checkstyle.api.AutomaticBean.configure(AutomaticBean.java:198)
	at com.puppycrawl.tools.checkstyle.Main.runCheckstyle(Main.java:386)
	at com.puppycrawl.tools.checkstyle.Main.runCli(Main.java:313)
	at com.puppycrawl.tools.checkstyle.Main.execute(Main.java:180)
	at com.puppycrawl.tools.checkstyle.Main.main(Main.java:119)
Caused by: com.puppycrawl.tools.checkstyle.api.CheckstyleException: Property 'fileExtensions' in module LineLength does not exist, please check the documentation
	at com.puppycrawl.tools.checkstyle.api.AutomaticBean.tryCopyProperty(AutomaticBean.java:224)
	at com.puppycrawl.tools.checkstyle.api.AutomaticBean.configure(AutomaticBean.java:191)
	at com.puppycrawl.tools.checkstyle.Checker.setupChild(Checker.java:458)
	... 5 more

[Error - 9:02:35 PM] Checkstyle failed with error code 254:
Checkstyle ends with 1 errors.
com.puppycrawl.tools.checkstyle.api.CheckstyleException: cannot initialize module LineLength - Property 'fileExtensions' in module LineLength does not exist, please check the documentation
	at com.puppycrawl.tools.checkstyle.Checker.setupChild(Checker.java:463)
	at com.puppycrawl.tools.checkstyle.api.AutomaticBean.configure(AutomaticBean.java:198)
	at com.puppycrawl.tools.checkstyle.Main.runCheckstyle(Main.java:386)
	at com.puppycrawl.tools.checkstyle.Main.runCli(Main.java:313)
	at com.puppycrawl.tools.checkstyle.Main.execute(Main.java:180)
	at com.puppycrawl.tools.checkstyle.Main.main(Main.java:119)
Caused by: com.puppycrawl.tools.checkstyle.api.CheckstyleException: Property 'fileExtensions' in module LineLength does not exist, please check the documentation
	at com.puppycrawl.tools.checkstyle.api.AutomaticBean.tryCopyProperty(AutomaticBean.java:224)
	at com.puppycrawl.tools.checkstyle.api.AutomaticBean.configure(AutomaticBean.java:191)
	at com.puppycrawl.tools.checkstyle.Checker.setupChild(Checker.java:458)
	... 5 more

[Error - 9:02:39 PM] Checkstyle failed with error code 254:
Checkstyle ends with 1 errors.
com.puppycrawl.tools.checkstyle.api.CheckstyleException: cannot initialize module LineLength - Property 'fileExtensions' in module LineLength does not exist, please check the documentation
	at com.puppycrawl.tools.checkstyle.Checker.setupChild(Checker.java:463)
	at com.puppycrawl.tools.checkstyle.api.AutomaticBean.configure(AutomaticBean.java:198)
	at com.puppycrawl.tools.checkstyle.Main.runCheckstyle(Main.java:386)
	at com.puppycrawl.tools.checkstyle.Main.runCli(Main.java:313)
	at com.puppycrawl.tools.checkstyle.Main.execute(Main.java:180)
	at com.puppycrawl.tools.checkstyle.Main.main(Main.java:119)
Caused by: com.puppycrawl.tools.checkstyle.api.CheckstyleException: Property 'fileExtensions' in module LineLength does not exist, please check the documentation
	at com.puppycrawl.tools.checkstyle.api.AutomaticBean.tryCopyProperty(AutomaticBean.java:224)
	at com.puppycrawl.tools.checkstyle.api.AutomaticBean.configure(AutomaticBean.java:191)
	at com.puppycrawl.tools.checkstyle.Checker.setupChild(Checker.java:458)
	... 5 more

[Error - 9:02:40 PM] Checkstyle failed with error code 254:
Checkstyle ends with 1 errors.
com.puppycrawl.tools.checkstyle.api.CheckstyleException: cannot initialize module LineLength - Property 'fileExtensions' in module LineLength does not exist, please check the documentation
	at com.puppycrawl.tools.checkstyle.Checker.setupChild(Checker.java:463)
	at com.puppycrawl.tools.checkstyle.api.AutomaticBean.configure(AutomaticBean.java:198)
	at com.puppycrawl.tools.checkstyle.Main.runCheckstyle(Main.java:386)
	at com.puppycrawl.tools.checkstyle.Main.runCli(Main.java:313)
	at com.puppycrawl.tools.checkstyle.Main.execute(Main.java:180)
	at com.puppycrawl.tools.checkstyle.Main.main(Main.java:119)
Caused by: com.puppycrawl.tools.checkstyle.api.CheckstyleException: Property 'fileExtensions' in module LineLength does not exist, please check the documentation
	at com.puppycrawl.tools.checkstyle.api.AutomaticBean.tryCopyProperty(AutomaticBean.java:224)
	at com.puppycrawl.tools.checkstyle.api.AutomaticBean.configure(AutomaticBean.java:191)
	at com.puppycrawl.tools.checkstyle.Checker.setupChild(Checker.java:458)
	... 5 more

[Error - 9:02:40 PM] Checkstyle failed with error code 254:
Checkstyle ends with 1 errors.
com.puppycrawl.tools.checkstyle.api.CheckstyleException: cannot initialize module LineLength - Property 'fileExtensions' in module LineLength does not exist, please check the documentation
	at com.puppycrawl.tools.checkstyle.Checker.setupChild(Checker.java:463)
	at com.puppycrawl.tools.checkstyle.api.AutomaticBean.configure(AutomaticBean.java:198)
	at com.puppycrawl.tools.checkstyle.Main.runCheckstyle(Main.java:386)
	at com.puppycrawl.tools.checkstyle.Main.runCli(Main.java:313)
	at com.puppycrawl.tools.checkstyle.Main.execute(Main.java:180)
	at com.puppycrawl.tools.checkstyle.Main.main(Main.java:119)
Caused by: com.puppycrawl.tools.checkstyle.api.CheckstyleException: Property 'fileExtensions' in module LineLength does not exist, please check the documentation
	at com.puppycrawl.tools.checkstyle.api.AutomaticBean.tryCopyProperty(AutomaticBean.java:224)
	at com.puppycrawl.tools.checkstyle.api.AutomaticBean.configure(AutomaticBean.java:191)
	at com.puppycrawl.tools.checkstyle.Checker.setupChild(Checker.java:458)
	... 5 more

[Error - 9:02:40 PM] Checkstyle failed with error code 254:
Checkstyle ends with 1 errors.
com.puppycrawl.tools.checkstyle.api.CheckstyleException: cannot initialize module LineLength - Property 'fileExtensions' in module LineLength does not exist, please check the documentation
	at com.puppycrawl.tools.checkstyle.Checker.setupChild(Checker.java:463)
	at com.puppycrawl.tools.checkstyle.api.AutomaticBean.configure(AutomaticBean.java:198)
	at com.puppycrawl.tools.checkstyle.Main.runCheckstyle(Main.java:386)
	at com.puppycrawl.tools.checkstyle.Main.runCli(Main.java:313)
	at com.puppycrawl.tools.checkstyle.Main.execute(Main.java:180)
	at com.puppycrawl.tools.checkstyle.Main.main(Main.java:119)
Caused by: com.puppycrawl.tools.checkstyle.api.CheckstyleException: Property 'fileExtensions' in module LineLength does not exist, please check the documentation
	at com.puppycrawl.tools.checkstyle.api.AutomaticBean.tryCopyProperty(AutomaticBean.java:224)
	at com.puppycrawl.tools.checkstyle.api.AutomaticBean.configure(AutomaticBean.java:191)
	at com.puppycrawl.tools.checkstyle.Checker.setupChild(Checker.java:458)
	... 5 more

[Error - 9:02:41 PM] Checkstyle failed with error code 254:
Checkstyle ends with 1 errors.
com.puppycrawl.tools.checkstyle.api.CheckstyleException: cannot initialize module LineLength - Property 'fileExtensions' in module LineLength does not exist, please check the documentation
	at com.puppycrawl.tools.checkstyle.Checker.setupChild(Checker.java:463)
	at com.puppycrawl.tools.checkstyle.api.AutomaticBean.configure(AutomaticBean.java:198)
	at com.puppycrawl.tools.checkstyle.Main.runCheckstyle(Main.java:386)
	at com.puppycrawl.tools.checkstyle.Main.runCli(Main.java:313)
	at com.puppycrawl.tools.checkstyle.Main.execute(Main.java:180)
	at com.puppycrawl.tools.checkstyle.Main.main(Main.java:119)
Caused by: com.puppycrawl.tools.checkstyle.api.CheckstyleException: Property 'fileExtensions' in module LineLength does not exist, please check the documentation
	at com.puppycrawl.tools.checkstyle.api.AutomaticBean.tryCopyProperty(AutomaticBean.java:224)
	at com.puppycrawl.tools.checkstyle.api.AutomaticBean.configure(AutomaticBean.java:191)
	at com.puppycrawl.tools.checkstyle.Checker.setupChild(Checker.java:458)
	... 5 more

[Error - 9:02:44 PM] Checkstyle failed with error code 254:
Checkstyle ends with 1 errors.
com.puppycrawl.tools.checkstyle.api.CheckstyleException: cannot initialize module LineLength - Property 'fileExtensions' in module LineLength does not exist, please check the documentation
	at com.puppycrawl.tools.checkstyle.Checker.setupChild(Checker.java:463)
	at com.puppycrawl.tools.checkstyle.api.AutomaticBean.configure(AutomaticBean.java:198)
	at com.puppycrawl.tools.checkstyle.Main.runCheckstyle(Main.java:386)
	at com.puppycrawl.tools.checkstyle.Main.runCli(Main.java:313)
	at com.puppycrawl.tools.checkstyle.Main.execute(Main.java:180)
	at com.puppycrawl.tools.checkstyle.Main.main(Main.java:119)
Caused by: com.puppycrawl.tools.checkstyle.api.CheckstyleException: Property 'fileExtensions' in module LineLength does not exist, please check the documentation
	at com.puppycrawl.tools.checkstyle.api.AutomaticBean.tryCopyProperty(AutomaticBean.java:224)
	at com.puppycrawl.tools.checkstyle.api.AutomaticBean.configure(AutomaticBean.java:191)
	at com.puppycrawl.tools.checkstyle.Checker.setupChild(Checker.java:458)
	... 5 more

[Error - 9:02:44 PM] Checkstyle failed with error code 254:
Checkstyle ends with 1 errors.
com.puppycrawl.tools.checkstyle.api.CheckstyleException: cannot initialize module LineLength - Property 'fileExtensions' in module LineLength does not exist, please check the documentation
	at com.puppycrawl.tools.checkstyle.Checker.setupChild(Checker.java:463)
	at com.puppycrawl.tools.checkstyle.api.AutomaticBean.configure(AutomaticBean.java:198)
	at com.puppycrawl.tools.checkstyle.Main.runCheckstyle(Main.java:386)
	at com.puppycrawl.tools.checkstyle.Main.runCli(Main.java:313)
	at com.puppycrawl.tools.checkstyle.Main.execute(Main.java:180)
	at com.puppycrawl.tools.checkstyle.Main.main(Main.java:119)
Caused by: com.puppycrawl.tools.checkstyle.api.CheckstyleException: Property 'fileExtensions' in module LineLength does not exist, please check the documentation
	at com.puppycrawl.tools.checkstyle.api.AutomaticBean.tryCopyProperty(AutomaticBean.java:224)
	at com.puppycrawl.tools.checkstyle.api.AutomaticBean.configure(AutomaticBean.java:191)
	at com.puppycrawl.tools.checkstyle.Checker.setupChild(Checker.java:458)
	... 5 more

[Error - 9:02:44 PM] Checkstyle failed with error code 254:
Checkstyle ends with 1 errors.
com.puppycrawl.tools.checkstyle.api.CheckstyleException: cannot initialize module LineLength - Property 'fileExtensions' in module LineLength does not exist, please check the documentation
	at com.puppycrawl.tools.checkstyle.Checker.setupChild(Checker.java:463)
	at com.puppycrawl.tools.checkstyle.api.AutomaticBean.configure(AutomaticBean.java:198)
	at com.puppycrawl.tools.checkstyle.Main.runCheckstyle(Main.java:386)
	at com.puppycrawl.tools.checkstyle.Main.runCli(Main.java:313)
	at com.puppycrawl.tools.checkstyle.Main.execute(Main.java:180)
	at com.puppycrawl.tools.checkstyle.Main.main(Main.java:119)
Caused by: com.puppycrawl.tools.checkstyle.api.CheckstyleException: Property 'fileExtensions' in module LineLength does not exist, please check the documentation
	at com.puppycrawl.tools.checkstyle.api.AutomaticBean.tryCopyProperty(AutomaticBean.java:224)
	at com.puppycrawl.tools.checkstyle.api.AutomaticBean.configure(AutomaticBean.java:191)
	at com.puppycrawl.tools.checkstyle.Checker.setupChild(Checker.java:458)
	... 5 more

[Error - 9:02:46 PM] Checkstyle failed with error code 254:
Checkstyle ends with 1 errors.
com.puppycrawl.tools.checkstyle.api.CheckstyleException: cannot initialize module LineLength - Property 'fileExtensions' in module LineLength does not exist, please check the documentation
	at com.puppycrawl.tools.checkstyle.Checker.setupChild(Checker.java:463)
	at com.puppycrawl.tools.checkstyle.api.AutomaticBean.configure(AutomaticBean.java:198)
	at com.puppycrawl.tools.checkstyle.Main.runCheckstyle(Main.java:386)
	at com.puppycrawl.tools.checkstyle.Main.runCli(Main.java:313)
	at com.puppycrawl.tools.checkstyle.Main.execute(Main.java:180)
	at com.puppycrawl.tools.checkstyle.Main.main(Main.java:119)
Caused by: com.puppycrawl.tools.checkstyle.api.CheckstyleException: Property 'fileExtensions' in module LineLength does not exist, please check the documentation
	at com.puppycrawl.tools.checkstyle.api.AutomaticBean.tryCopyProperty(AutomaticBean.java:224)
	at com.puppycrawl.tools.checkstyle.api.AutomaticBean.configure(AutomaticBean.java:191)
	at com.puppycrawl.tools.checkstyle.Checker.setupChild(Checker.java:458)
	... 5 more

[Error - 9:02:48 PM] Checkstyle failed with error code 254:
Checkstyle ends with 1 errors.
com.puppycrawl.tools.checkstyle.api.CheckstyleException: cannot initialize module LineLength - Property 'fileExtensions' in module LineLength does not exist, please check the documentation
	at com.puppycrawl.tools.checkstyle.Checker.setupChild(Checker.java:463)
	at com.puppycrawl.tools.checkstyle.api.AutomaticBean.configure(AutomaticBean.java:198)
	at com.puppycrawl.tools.checkstyle.Main.runCheckstyle(Main.java:386)
	at com.puppycrawl.tools.checkstyle.Main.runCli(Main.java:313)
	at com.puppycrawl.tools.checkstyle.Main.execute(Main.java:180)
	at com.puppycrawl.tools.checkstyle.Main.main(Main.java:119)
Caused by: com.puppycrawl.tools.checkstyle.api.CheckstyleException: Property 'fileExtensions' in module LineLength does not exist, please check the documentation
	at com.puppycrawl.tools.checkstyle.api.AutomaticBean.tryCopyProperty(AutomaticBean.java:224)
	at com.puppycrawl.tools.checkstyle.api.AutomaticBean.configure(AutomaticBean.java:191)
	at com.puppycrawl.tools.checkstyle.Checker.setupChild(Checker.java:458)
	... 5 more

[Error - 9:02:50 PM] Checkstyle failed with error code 254:
Checkstyle ends with 1 errors.
com.puppycrawl.tools.checkstyle.api.CheckstyleException: cannot initialize module LineLength - Property 'fileExtensions' in module LineLength does not exist, please check the documentation
	at com.puppycrawl.tools.checkstyle.Checker.setupChild(Checker.java:463)
	at com.puppycrawl.tools.checkstyle.api.AutomaticBean.configure(AutomaticBean.java:198)
	at com.puppycrawl.tools.checkstyle.Main.runCheckstyle(Main.java:386)
	at com.puppycrawl.tools.checkstyle.Main.runCli(Main.java:313)
	at com.puppycrawl.tools.checkstyle.Main.execute(Main.java:180)
	at com.puppycrawl.tools.checkstyle.Main.main(Main.java:119)
Caused by: com.puppycrawl.tools.checkstyle.api.CheckstyleException: Property 'fileExtensions' in module LineLength does not exist, please check the documentation
	at com.puppycrawl.tools.checkstyle.api.AutomaticBean.tryCopyProperty(AutomaticBean.java:224)
	at com.puppycrawl.tools.checkstyle.api.AutomaticBean.configure(AutomaticBean.java:191)
	at com.puppycrawl.tools.checkstyle.Checker.setupChild(Checker.java:458)
	... 5 more

[Error - 9:02:50 PM] Checkstyle failed with error code 254:
Checkstyle ends with 1 errors.
com.puppycrawl.tools.checkstyle.api.CheckstyleException: cannot initialize module LineLength - Property 'fileExtensions' in module LineLength does not exist, please check the documentation
	at com.puppycrawl.tools.checkstyle.Checker.setupChild(Checker.java:463)
	at com.puppycrawl.tools.checkstyle.api.AutomaticBean.configure(AutomaticBean.java:198)
	at com.puppycrawl.tools.checkstyle.Main.runCheckstyle(Main.java:386)
	at com.puppycrawl.tools.checkstyle.Main.runCli(Main.java:313)
	at com.puppycrawl.tools.checkstyle.Main.execute(Main.java:180)
	at com.puppycrawl.tools.checkstyle.Main.main(Main.java:119)
Caused by: com.puppycrawl.tools.checkstyle.api.CheckstyleException: Property 'fileExtensions' in module LineLength does not exist, please check the documentation
	at com.puppycrawl.tools.checkstyle.api.AutomaticBean.tryCopyProperty(AutomaticBean.java:224)
	at com.puppycrawl.tools.checkstyle.api.AutomaticBean.configure(AutomaticBean.java:191)
	at com.puppycrawl.tools.checkstyle.Checker.setupChild(Checker.java:458)
	... 5 more

[Error - 9:02:50 PM] Checkstyle failed with error code 254:
Checkstyle ends with 1 errors.
com.puppycrawl.tools.checkstyle.api.CheckstyleException: cannot initialize module LineLength - Property 'fileExtensions' in module LineLength does not exist, please check the documentation
	at com.puppycrawl.tools.checkstyle.Checker.setupChild(Checker.java:463)
	at com.puppycrawl.tools.checkstyle.api.AutomaticBean.configure(AutomaticBean.java:198)
	at com.puppycrawl.tools.checkstyle.Main.runCheckstyle(Main.java:386)
	at com.puppycrawl.tools.checkstyle.Main.runCli(Main.java:313)
	at com.puppycrawl.tools.checkstyle.Main.execute(Main.java:180)
	at com.puppycrawl.tools.checkstyle.Main.main(Main.java:119)
Caused by: com.puppycrawl.tools.checkstyle.api.CheckstyleException: Property 'fileExtensions' in module LineLength does not exist, please check the documentation
	at com.puppycrawl.tools.checkstyle.api.AutomaticBean.tryCopyProperty(AutomaticBean.java:224)
	at com.puppycrawl.tools.checkstyle.api.AutomaticBean.configure(AutomaticBean.java:191)
	at com.puppycrawl.tools.checkstyle.Checker.setupChild(Checker.java:458)
	... 5 more

[Error - 9:07:49 PM] Checkstyle failed with error code 254:
Checkstyle ends with 1 errors.
com.puppycrawl.tools.checkstyle.api.CheckstyleException: cannot initialize module LineLength - Property 'fileExtensions' in module LineLength does not exist, please check the documentation
	at com.puppycrawl.tools.checkstyle.Checker.setupChild(Checker.java:463)
	at com.puppycrawl.tools.checkstyle.api.AutomaticBean.configure(AutomaticBean.java:198)
	at com.puppycrawl.tools.checkstyle.Main.runCheckstyle(Main.java:386)
	at com.puppycrawl.tools.checkstyle.Main.runCli(Main.java:313)
	at com.puppycrawl.tools.checkstyle.Main.execute(Main.java:180)
	at com.puppycrawl.tools.checkstyle.Main.main(Main.java:119)
Caused by: com.puppycrawl.tools.checkstyle.api.CheckstyleException: Property 'fileExtensions' in module LineLength does not exist, please check the documentation
	at com.puppycrawl.tools.checkstyle.api.AutomaticBean.tryCopyProperty(AutomaticBean.java:224)
	at com.puppycrawl.tools.checkstyle.api.AutomaticBean.configure(AutomaticBean.java:191)
	at com.puppycrawl.tools.checkstyle.Checker.setupChild(Checker.java:458)
	... 5 more

[Error - 9:07:50 PM] Checkstyle failed with error code 254:
Checkstyle ends with 1 errors.
com.puppycrawl.tools.checkstyle.api.CheckstyleException: cannot initialize module LineLength - Property 'fileExtensions' in module LineLength does not exist, please check the documentation
	at com.puppycrawl.tools.checkstyle.Checker.setupChild(Checker.java:463)
	at com.puppycrawl.tools.checkstyle.api.AutomaticBean.configure(AutomaticBean.java:198)
	at com.puppycrawl.tools.checkstyle.Main.runCheckstyle(Main.java:386)
	at com.puppycrawl.tools.checkstyle.Main.runCli(Main.java:313)
	at com.puppycrawl.tools.checkstyle.Main.execute(Main.java:180)
	at com.puppycrawl.tools.checkstyle.Main.main(Main.java:119)
Caused by: com.puppycrawl.tools.checkstyle.api.CheckstyleException: Property 'fileExtensions' in module LineLength does not exist, please check the documentation
	at com.puppycrawl.tools.checkstyle.api.AutomaticBean.tryCopyProperty(AutomaticBean.java:224)
	at com.puppycrawl.tools.checkstyle.api.AutomaticBean.configure(AutomaticBean.java:191)
	at com.puppycrawl.tools.checkstyle.Checker.setupChild(Checker.java:458)
	... 5 more

[Error - 9:07:59 PM] Checkstyle failed with error code 254:
Checkstyle ends with 1 errors.
com.puppycrawl.tools.checkstyle.api.CheckstyleException: cannot initialize module LineLength - Property 'fileExtensions' in module LineLength does not exist, please check the documentation
	at com.puppycrawl.tools.checkstyle.Checker.setupChild(Checker.java:463)
	at com.puppycrawl.tools.checkstyle.api.AutomaticBean.configure(AutomaticBean.java:198)
	at com.puppycrawl.tools.checkstyle.Main.runCheckstyle(Main.java:386)
	at com.puppycrawl.tools.checkstyle.Main.runCli(Main.java:313)
	at com.puppycrawl.tools.checkstyle.Main.execute(Main.java:180)
	at com.puppycrawl.tools.checkstyle.Main.main(Main.java:119)
Caused by: com.puppycrawl.tools.checkstyle.api.CheckstyleException: Property 'fileExtensions' in module LineLength does not exist, please check the documentation
	at com.puppycrawl.tools.checkstyle.api.AutomaticBean.tryCopyProperty(AutomaticBean.java:224)
	at com.puppycrawl.tools.checkstyle.api.AutomaticBean.configure(AutomaticBean.java:191)
	at com.puppycrawl.tools.checkstyle.Checker.setupChild(Checker.java:458)
	... 5 more

[Error - 9:08:03 PM] Checkstyle failed with error code 254:
Checkstyle ends with 1 errors.
com.puppycrawl.tools.checkstyle.api.CheckstyleException: cannot initialize module LineLength - Property 'fileExtensions' in module LineLength does not exist, please check the documentation
	at com.puppycrawl.tools.checkstyle.Checker.setupChild(Checker.java:463)
	at com.puppycrawl.tools.checkstyle.api.AutomaticBean.configure(AutomaticBean.java:198)
	at com.puppycrawl.tools.checkstyle.Main.runCheckstyle(Main.java:386)
	at com.puppycrawl.tools.checkstyle.Main.runCli(Main.java:313)
	at com.puppycrawl.tools.checkstyle.Main.execute(Main.java:180)
	at com.puppycrawl.tools.checkstyle.Main.main(Main.java:119)
Caused by: com.puppycrawl.tools.checkstyle.api.CheckstyleException: Property 'fileExtensions' in module LineLength does not exist, please check the documentation
	at com.puppycrawl.tools.checkstyle.api.AutomaticBean.tryCopyProperty(AutomaticBean.java:224)
	at com.puppycrawl.tools.checkstyle.api.AutomaticBean.configure(AutomaticBean.java:191)
	at com.puppycrawl.tools.checkstyle.Checker.setupChild(Checker.java:458)
	... 5 more

[Error - 9:08:03 PM] Checkstyle failed with error code 254:
Checkstyle ends with 1 errors.
com.puppycrawl.tools.checkstyle.api.CheckstyleException: cannot initialize module LineLength - Property 'fileExtensions' in module LineLength does not exist, please check the documentation
	at com.puppycrawl.tools.checkstyle.Checker.setupChild(Checker.java:463)
	at com.puppycrawl.tools.checkstyle.api.AutomaticBean.configure(AutomaticBean.java:198)
	at com.puppycrawl.tools.checkstyle.Main.runCheckstyle(Main.java:386)
	at com.puppycrawl.tools.checkstyle.Main.runCli(Main.java:313)
	at com.puppycrawl.tools.checkstyle.Main.execute(Main.java:180)
	at com.puppycrawl.tools.checkstyle.Main.main(Main.java:119)
Caused by: com.puppycrawl.tools.checkstyle.api.CheckstyleException: Property 'fileExtensions' in module LineLength does not exist, please check the documentation
	at com.puppycrawl.tools.checkstyle.api.AutomaticBean.tryCopyProperty(AutomaticBean.java:224)
	at com.puppycrawl.tools.checkstyle.api.AutomaticBean.configure(AutomaticBean.java:191)
	at com.puppycrawl.tools.checkstyle.Checker.setupChild(Checker.java:458)
	... 5 more

[Error - 9:08:04 PM] Checkstyle failed with error code 254:
Checkstyle ends with 1 errors.
com.puppycrawl.tools.checkstyle.api.CheckstyleException: cannot initialize module LineLength - Property 'fileExtensions' in module LineLength does not exist, please check the documentation
	at com.puppycrawl.tools.checkstyle.Checker.setupChild(Checker.java:463)
	at com.puppycrawl.tools.checkstyle.api.AutomaticBean.configure(AutomaticBean.java:198)
	at com.puppycrawl.tools.checkstyle.Main.runCheckstyle(Main.java:386)
	at com.puppycrawl.tools.checkstyle.Main.runCli(Main.java:313)
	at com.puppycrawl.tools.checkstyle.Main.execute(Main.java:180)
	at com.puppycrawl.tools.checkstyle.Main.main(Main.java:119)
Caused by: com.puppycrawl.tools.checkstyle.api.CheckstyleException: Property 'fileExtensions' in module LineLength does not exist, please check the documentation
	at com.puppycrawl.tools.checkstyle.api.AutomaticBean.tryCopyProperty(AutomaticBean.java:224)
	at com.puppycrawl.tools.checkstyle.api.AutomaticBean.configure(AutomaticBean.java:191)
	at com.puppycrawl.tools.checkstyle.Checker.setupChild(Checker.java:458)
	... 5 more

[Error - 9:08:04 PM] Checkstyle failed with error code 254:
Checkstyle ends with 1 errors.
com.puppycrawl.tools.checkstyle.api.CheckstyleException: cannot initialize module LineLength - Property 'fileExtensions' in module LineLength does not exist, please check the documentation
	at com.puppycrawl.tools.checkstyle.Checker.setupChild(Checker.java:463)
	at com.puppycrawl.tools.checkstyle.api.AutomaticBean.configure(AutomaticBean.java:198)
	at com.puppycrawl.tools.checkstyle.Main.runCheckstyle(Main.java:386)
	at com.puppycrawl.tools.checkstyle.Main.runCli(Main.java:313)
	at com.puppycrawl.tools.checkstyle.Main.execute(Main.java:180)
	at com.puppycrawl.tools.checkstyle.Main.main(Main.java:119)
Caused by: com.puppycrawl.tools.checkstyle.api.CheckstyleException: Property 'fileExtensions' in module LineLength does not exist, please check the documentation
	at com.puppycrawl.tools.checkstyle.api.AutomaticBean.tryCopyProperty(AutomaticBean.java:224)
	at com.puppycrawl.tools.checkstyle.api.AutomaticBean.configure(AutomaticBean.java:191)
	at com.puppycrawl.tools.checkstyle.Checker.setupChild(Checker.java:458)
	... 5 more

[Error - 9:08:08 PM] Checkstyle failed with error code 254:
Checkstyle ends with 1 errors.
com.puppycrawl.tools.checkstyle.api.CheckstyleException: cannot initialize module LineLength - Property 'fileExtensions' in module LineLength does not exist, please check the documentation
	at com.puppycrawl.tools.checkstyle.Checker.setupChild(Checker.java:463)
	at com.puppycrawl.tools.checkstyle.api.AutomaticBean.configure(AutomaticBean.java:198)
	at com.puppycrawl.tools.checkstyle.Main.runCheckstyle(Main.java:386)
	at com.puppycrawl.tools.checkstyle.Main.runCli(Main.java:313)
	at com.puppycrawl.tools.checkstyle.Main.execute(Main.java:180)
	at com.puppycrawl.tools.checkstyle.Main.main(Main.java:119)
Caused by: com.puppycrawl.tools.checkstyle.api.CheckstyleException: Property 'fileExtensions' in module LineLength does not exist, please check the documentation
	at com.puppycrawl.tools.checkstyle.api.AutomaticBean.tryCopyProperty(AutomaticBean.java:224)
	at com.puppycrawl.tools.checkstyle.api.AutomaticBean.configure(AutomaticBean.java:191)
	at com.puppycrawl.tools.checkstyle.Checker.setupChild(Checker.java:458)
	... 5 more

[Error - 9:08:10 PM] Checkstyle failed with error code 254:
Checkstyle ends with 1 errors.
com.puppycrawl.tools.checkstyle.api.CheckstyleException: cannot initialize module LineLength - Property 'fileExtensions' in module LineLength does not exist, please check the documentation
	at com.puppycrawl.tools.checkstyle.Checker.setupChild(Checker.java:463)
	at com.puppycrawl.tools.checkstyle.api.AutomaticBean.configure(AutomaticBean.java:198)
	at com.puppycrawl.tools.checkstyle.Main.runCheckstyle(Main.java:386)
	at com.puppycrawl.tools.checkstyle.Main.runCli(Main.java:313)
	at com.puppycrawl.tools.checkstyle.Main.execute(Main.java:180)
	at com.puppycrawl.tools.checkstyle.Main.main(Main.java:119)
Caused by: com.puppycrawl.tools.checkstyle.api.CheckstyleException: Property 'fileExtensions' in module LineLength does not exist, please check the documentation
	at com.puppycrawl.tools.checkstyle.api.AutomaticBean.tryCopyProperty(AutomaticBean.java:224)
	at com.puppycrawl.tools.checkstyle.api.AutomaticBean.configure(AutomaticBean.java:191)
	at com.puppycrawl.tools.checkstyle.Checker.setupChild(Checker.java:458)
	... 5 more

[Error - 9:08:10 PM] Checkstyle failed with error code 254:
Checkstyle ends with 1 errors.
com.puppycrawl.tools.checkstyle.api.CheckstyleException: cannot initialize module LineLength - Property 'fileExtensions' in module LineLength does not exist, please check the documentation
	at com.puppycrawl.tools.checkstyle.Checker.setupChild(Checker.java:463)
	at com.puppycrawl.tools.checkstyle.api.AutomaticBean.configure(AutomaticBean.java:198)
	at com.puppycrawl.tools.checkstyle.Main.runCheckstyle(Main.java:386)
	at com.puppycrawl.tools.checkstyle.Main.runCli(Main.java:313)
	at com.puppycrawl.tools.checkstyle.Main.execute(Main.java:180)
	at com.puppycrawl.tools.checkstyle.Main.main(Main.java:119)
Caused by: com.puppycrawl.tools.checkstyle.api.CheckstyleException: Property 'fileExtensions' in module LineLength does not exist, please check the documentation
	at com.puppycrawl.tools.checkstyle.api.AutomaticBean.tryCopyProperty(AutomaticBean.java:224)
	at com.puppycrawl.tools.checkstyle.api.AutomaticBean.configure(AutomaticBean.java:191)
	at com.puppycrawl.tools.checkstyle.Checker.setupChild(Checker.java:458)
	... 5 more

[Error - 9:08:11 PM] Checkstyle failed with error code 254:
Checkstyle ends with 1 errors.
com.puppycrawl.tools.checkstyle.api.CheckstyleException: cannot initialize module LineLength - Property 'fileExtensions' in module LineLength does not exist, please check the documentation
	at com.puppycrawl.tools.checkstyle.Checker.setupChild(Checker.java:463)
	at com.puppycrawl.tools.checkstyle.api.AutomaticBean.configure(AutomaticBean.java:198)
	at com.puppycrawl.tools.checkstyle.Main.runCheckstyle(Main.java:386)
	at com.puppycrawl.tools.checkstyle.Main.runCli(Main.java:313)
	at com.puppycrawl.tools.checkstyle.Main.execute(Main.java:180)
	at com.puppycrawl.tools.checkstyle.Main.main(Main.java:119)
Caused by: com.puppycrawl.tools.checkstyle.api.CheckstyleException: Property 'fileExtensions' in module LineLength does not exist, please check the documentation
	at com.puppycrawl.tools.checkstyle.api.AutomaticBean.tryCopyProperty(AutomaticBean.java:224)
	at com.puppycrawl.tools.checkstyle.api.AutomaticBean.configure(AutomaticBean.java:191)
	at com.puppycrawl.tools.checkstyle.Checker.setupChild(Checker.java:458)
	... 5 more

[Error - 9:08:12 PM] Checkstyle failed with error code 254:
Checkstyle ends with 1 errors.
com.puppycrawl.tools.checkstyle.api.CheckstyleException: cannot initialize module LineLength - Property 'fileExtensions' in module LineLength does not exist, please check the documentation
	at com.puppycrawl.tools.checkstyle.Checker.setupChild(Checker.java:463)
	at com.puppycrawl.tools.checkstyle.api.AutomaticBean.configure(AutomaticBean.java:198)
	at com.puppycrawl.tools.checkstyle.Main.runCheckstyle(Main.java:386)
	at com.puppycrawl.tools.checkstyle.Main.runCli(Main.java:313)
	at com.puppycrawl.tools.checkstyle.Main.execute(Main.java:180)
	at com.puppycrawl.tools.checkstyle.Main.main(Main.java:119)
Caused by: com.puppycrawl.tools.checkstyle.api.CheckstyleException: Property 'fileExtensions' in module LineLength does not exist, please check the documentation
	at com.puppycrawl.tools.checkstyle.api.AutomaticBean.tryCopyProperty(AutomaticBean.java:224)
	at com.puppycrawl.tools.checkstyle.api.AutomaticBean.configure(AutomaticBean.java:191)
	at com.puppycrawl.tools.checkstyle.Checker.setupChild(Checker.java:458)
	... 5 more

[Error - 9:08:14 PM] Checkstyle failed with error code 254:
Checkstyle ends with 1 errors.
com.puppycrawl.tools.checkstyle.api.CheckstyleException: cannot initialize module LineLength - Property 'fileExtensions' in module LineLength does not exist, please check the documentation
	at com.puppycrawl.tools.checkstyle.Checker.setupChild(Checker.java:463)
	at com.puppycrawl.tools.checkstyle.api.AutomaticBean.configure(AutomaticBean.java:198)
	at com.puppycrawl.tools.checkstyle.Main.runCheckstyle(Main.java:386)
	at com.puppycrawl.tools.checkstyle.Main.runCli(Main.java:313)
	at com.puppycrawl.tools.checkstyle.Main.execute(Main.java:180)
	at com.puppycrawl.tools.checkstyle.Main.main(Main.java:119)
Caused by: com.puppycrawl.tools.checkstyle.api.CheckstyleException: Property 'fileExtensions' in module LineLength does not exist, please check the documentation
	at com.puppycrawl.tools.checkstyle.api.AutomaticBean.tryCopyProperty(AutomaticBean.java:224)
	at com.puppycrawl.tools.checkstyle.api.AutomaticBean.configure(AutomaticBean.java:191)
	at com.puppycrawl.tools.checkstyle.Checker.setupChild(Checker.java:458)
	... 5 more

[Error - 9:08:14 PM] Checkstyle failed with error code 254:
Checkstyle ends with 1 errors.
com.puppycrawl.tools.checkstyle.api.CheckstyleException: cannot initialize module LineLength - Property 'fileExtensions' in module LineLength does not exist, please check the documentation
	at com.puppycrawl.tools.checkstyle.Checker.setupChild(Checker.java:463)
	at com.puppycrawl.tools.checkstyle.api.AutomaticBean.configure(AutomaticBean.java:198)
	at com.puppycrawl.tools.checkstyle.Main.runCheckstyle(Main.java:386)
	at com.puppycrawl.tools.checkstyle.Main.runCli(Main.java:313)
	at com.puppycrawl.tools.checkstyle.Main.execute(Main.java:180)
	at com.puppycrawl.tools.checkstyle.Main.main(Main.java:119)
Caused by: com.puppycrawl.tools.checkstyle.api.CheckstyleException: Property 'fileExtensions' in module LineLength does not exist, please check the documentation
	at com.puppycrawl.tools.checkstyle.api.AutomaticBean.tryCopyProperty(AutomaticBean.java:224)
	at com.puppycrawl.tools.checkstyle.api.AutomaticBean.configure(AutomaticBean.java:191)
	at com.puppycrawl.tools.checkstyle.Checker.setupChild(Checker.java:458)
	... 5 more

[Error - 9:08:14 PM] Checkstyle failed with error code 254:
Checkstyle ends with 1 errors.
com.puppycrawl.tools.checkstyle.api.CheckstyleException: cannot initialize module LineLength - Property 'fileExtensions' in module LineLength does not exist, please check the documentation
	at com.puppycrawl.tools.checkstyle.Checker.setupChild(Checker.java:463)
	at com.puppycrawl.tools.checkstyle.api.AutomaticBean.configure(AutomaticBean.java:198)
	at com.puppycrawl.tools.checkstyle.Main.runCheckstyle(Main.java:386)
	at com.puppycrawl.tools.checkstyle.Main.runCli(Main.java:313)
	at com.puppycrawl.tools.checkstyle.Main.execute(Main.java:180)
	at com.puppycrawl.tools.checkstyle.Main.main(Main.java:119)
Caused by: com.puppycrawl.tools.checkstyle.api.CheckstyleException: Property 'fileExtensions' in module LineLength does not exist, please check the documentation
	at com.puppycrawl.tools.checkstyle.api.AutomaticBean.tryCopyProperty(AutomaticBean.java:224)
	at com.puppycrawl.tools.checkstyle.api.AutomaticBean.configure(AutomaticBean.java:191)
	at com.puppycrawl.tools.checkstyle.Checker.setupChild(Checker.java:458)
	... 5 more

[Error - 9:08:16 PM] Checkstyle failed with error code 254:
Checkstyle ends with 1 errors.
com.puppycrawl.tools.checkstyle.api.CheckstyleException: cannot initialize module LineLength - Property 'fileExtensions' in module LineLength does not exist, please check the documentation
	at com.puppycrawl.tools.checkstyle.Checker.setupChild(Checker.java:463)
	at com.puppycrawl.tools.checkstyle.api.AutomaticBean.configure(AutomaticBean.java:198)
	at com.puppycrawl.tools.checkstyle.Main.runCheckstyle(Main.java:386)
	at com.puppycrawl.tools.checkstyle.Main.runCli(Main.java:313)
	at com.puppycrawl.tools.checkstyle.Main.execute(Main.java:180)
	at com.puppycrawl.tools.checkstyle.Main.main(Main.java:119)
Caused by: com.puppycrawl.tools.checkstyle.api.CheckstyleException: Property 'fileExtensions' in module LineLength does not exist, please check the documentation
	at com.puppycrawl.tools.checkstyle.api.AutomaticBean.tryCopyProperty(AutomaticBean.java:224)
	at com.puppycrawl.tools.checkstyle.api.AutomaticBean.configure(AutomaticBean.java:191)
	at com.puppycrawl.tools.checkstyle.Checker.setupChild(Checker.java:458)
	... 5 more

[Error - 9:08:17 PM] Checkstyle failed with error code 254:
Checkstyle ends with 1 errors.
com.puppycrawl.tools.checkstyle.api.CheckstyleException: cannot initialize module LineLength - Property 'fileExtensions' in module LineLength does not exist, please check the documentation
	at com.puppycrawl.tools.checkstyle.Checker.setupChild(Checker.java:463)
	at com.puppycrawl.tools.checkstyle.api.AutomaticBean.configure(AutomaticBean.java:198)
	at com.puppycrawl.tools.checkstyle.Main.runCheckstyle(Main.java:386)
	at com.puppycrawl.tools.checkstyle.Main.runCli(Main.java:313)
	at com.puppycrawl.tools.checkstyle.Main.execute(Main.java:180)
	at com.puppycrawl.tools.checkstyle.Main.main(Main.java:119)
Caused by: com.puppycrawl.tools.checkstyle.api.CheckstyleException: Property 'fileExtensions' in module LineLength does not exist, please check the documentation
	at com.puppycrawl.tools.checkstyle.api.AutomaticBean.tryCopyProperty(AutomaticBean.java:224)
	at com.puppycrawl.tools.checkstyle.api.AutomaticBean.configure(AutomaticBean.java:191)
	at com.puppycrawl.tools.checkstyle.Checker.setupChild(Checker.java:458)
	... 5 more

